{"/Users/cedricpierre/Code/FluORM/examples/models/Comment.ts": {"path":"/Users/cedricpierre/Code/FluORM/examples/models/Comment.ts","all":false,"statementMap":{"0":{"start":{"line":1,"column":0},"end":{"line":1,"column":39}},"2":{"start":{"line":3,"column":0},"end":{"line":3,"column":41}},"3":{"start":{"line":4,"column":0},"end":{"line":4,"column":32}},"4":{"start":{"line":5,"column":0},"end":{"line":5,"column":1}}},"s":{"0":1,"2":1,"3":1,"4":1},"branchMap":{"0":{"type":"branch","line":4,"loc":{"start":{"line":4,"column":4},"end":{"line":4,"column":32}},"locations":[{"start":{"line":4,"column":4},"end":{"line":4,"column":32}}]}},"b":{"0":[1]},"fnMap":{"0":{"name":"<static_initializer>","decl":{"start":{"line":4,"column":4},"end":{"line":4,"column":32}},"loc":{"start":{"line":4,"column":4},"end":{"line":4,"column":32}},"line":4}},"f":{"0":1}}
,"/Users/cedricpierre/Code/FluORM/examples/models/Company.ts": {"path":"/Users/cedricpierre/Code/FluORM/examples/models/Company.ts","all":false,"statementMap":{"0":{"start":{"line":1,"column":0},"end":{"line":1,"column":39}},"2":{"start":{"line":3,"column":0},"end":{"line":3,"column":41}},"3":{"start":{"line":4,"column":0},"end":{"line":4,"column":33}},"4":{"start":{"line":5,"column":0},"end":{"line":5,"column":1}}},"s":{"0":1,"2":1,"3":1,"4":1},"branchMap":{"0":{"type":"branch","line":4,"loc":{"start":{"line":4,"column":4},"end":{"line":4,"column":33}},"locations":[{"start":{"line":4,"column":4},"end":{"line":4,"column":33}}]}},"b":{"0":[4]},"fnMap":{"0":{"name":"<static_initializer>","decl":{"start":{"line":4,"column":4},"end":{"line":4,"column":33}},"loc":{"start":{"line":4,"column":4},"end":{"line":4,"column":33}},"line":4}},"f":{"0":4}}
,"/Users/cedricpierre/Code/FluORM/examples/models/Media.ts": {"path":"/Users/cedricpierre/Code/FluORM/examples/models/Media.ts","all":false,"statementMap":{"0":{"start":{"line":1,"column":0},"end":{"line":1,"column":81}},"2":{"start":{"line":3,"column":0},"end":{"line":3,"column":29}},"3":{"start":{"line":4,"column":0},"end":{"line":4,"column":39}},"14":{"start":{"line":15,"column":0},"end":{"line":15,"column":42}},"15":{"start":{"line":16,"column":0},"end":{"line":16,"column":30}},"17":{"start":{"line":18,"column":0},"end":{"line":18,"column":26}},"18":{"start":{"line":19,"column":0},"end":{"line":19,"column":25}},"20":{"start":{"line":21,"column":0},"end":{"line":21,"column":29}},"21":{"start":{"line":22,"column":0},"end":{"line":22,"column":38}},"22":{"start":{"line":23,"column":0},"end":{"line":23,"column":1}}},"s":{"0":1,"2":1,"3":1,"14":1,"15":1,"17":1,"18":1,"20":1,"21":1,"22":1},"branchMap":{"0":{"type":"branch","line":16,"loc":{"start":{"line":16,"column":4},"end":{"line":16,"column":30}},"locations":[{"start":{"line":16,"column":4},"end":{"line":16,"column":30}}]},"1":{"type":"branch","line":22,"loc":{"start":{"line":22,"column":4},"end":{"line":22,"column":38}},"locations":[{"start":{"line":22,"column":4},"end":{"line":22,"column":38}}]}},"b":{"0":[4],"1":[5]},"fnMap":{"0":{"name":"<static_initializer>","decl":{"start":{"line":16,"column":4},"end":{"line":16,"column":30}},"loc":{"start":{"line":16,"column":4},"end":{"line":16,"column":30}},"line":16}},"f":{"0":4}}
,"/Users/cedricpierre/Code/FluORM/examples/models/Post.ts": {"path":"/Users/cedricpierre/Code/FluORM/examples/models/Post.ts","all":false,"statementMap":{"0":{"start":{"line":1,"column":0},"end":{"line":1,"column":58}},"2":{"start":{"line":3,"column":0},"end":{"line":3,"column":35}},"4":{"start":{"line":5,"column":0},"end":{"line":5,"column":38}},"5":{"start":{"line":6,"column":0},"end":{"line":6,"column":29}},"7":{"start":{"line":8,"column":0},"end":{"line":8,"column":27}},"8":{"start":{"line":9,"column":0},"end":{"line":9,"column":35}},"9":{"start":{"line":10,"column":0},"end":{"line":10,"column":1}}},"s":{"0":1,"2":1,"4":1,"5":1,"7":1,"8":1,"9":1},"branchMap":{"0":{"type":"branch","line":6,"loc":{"start":{"line":6,"column":4},"end":{"line":6,"column":29}},"locations":[{"start":{"line":6,"column":4},"end":{"line":6,"column":29}}]},"1":{"type":"branch","line":9,"loc":{"start":{"line":9,"column":4},"end":{"line":9,"column":35}},"locations":[{"start":{"line":9,"column":4},"end":{"line":9,"column":35}}]}},"b":{"0":[1],"1":[7]},"fnMap":{"0":{"name":"<static_initializer>","decl":{"start":{"line":6,"column":4},"end":{"line":6,"column":29}},"loc":{"start":{"line":6,"column":4},"end":{"line":6,"column":29}},"line":6}},"f":{"0":1}}
,"/Users/cedricpierre/Code/FluORM/examples/models/Thumbnail.ts": {"path":"/Users/cedricpierre/Code/FluORM/examples/models/Thumbnail.ts","all":false,"statementMap":{"0":{"start":{"line":1,"column":0},"end":{"line":1,"column":39}},"2":{"start":{"line":3,"column":0},"end":{"line":3,"column":43}},"3":{"start":{"line":4,"column":0},"end":{"line":4,"column":34}},"4":{"start":{"line":5,"column":0},"end":{"line":5,"column":1}}},"s":{"0":1,"2":1,"3":1,"4":1},"branchMap":{"0":{"type":"branch","line":4,"loc":{"start":{"line":4,"column":4},"end":{"line":4,"column":34}},"locations":[{"start":{"line":4,"column":4},"end":{"line":4,"column":34}}]}},"b":{"0":[4]},"fnMap":{"0":{"name":"<static_initializer>","decl":{"start":{"line":4,"column":4},"end":{"line":4,"column":34}},"loc":{"start":{"line":4,"column":4},"end":{"line":4,"column":34}},"line":4}},"f":{"0":4}}
,"/Users/cedricpierre/Code/FluORM/examples/models/User.ts": {"path":"/Users/cedricpierre/Code/FluORM/examples/models/User.ts","all":false,"statementMap":{"0":{"start":{"line":1,"column":0},"end":{"line":1,"column":101}},"2":{"start":{"line":3,"column":0},"end":{"line":3,"column":35}},"4":{"start":{"line":5,"column":0},"end":{"line":5,"column":31}},"5":{"start":{"line":6,"column":0},"end":{"line":6,"column":39}},"16":{"start":{"line":17,"column":0},"end":{"line":17,"column":75}},"17":{"start":{"line":18,"column":0},"end":{"line":18,"column":29}},"25":{"start":{"line":26,"column":0},"end":{"line":26,"column":25}},"26":{"start":{"line":27,"column":0},"end":{"line":27,"column":31}},"28":{"start":{"line":29,"column":0},"end":{"line":29,"column":35}},"29":{"start":{"line":30,"column":0},"end":{"line":30,"column":34}},"31":{"start":{"line":32,"column":0},"end":{"line":32,"column":44}},"32":{"start":{"line":33,"column":0},"end":{"line":33,"column":39}},"34":{"start":{"line":35,"column":0},"end":{"line":35,"column":24}},"35":{"start":{"line":36,"column":0},"end":{"line":36,"column":30}},"37":{"start":{"line":38,"column":0},"end":{"line":38,"column":26}},"38":{"start":{"line":39,"column":0},"end":{"line":39,"column":25}},"40":{"start":{"line":41,"column":0},"end":{"line":41,"column":26}},"41":{"start":{"line":42,"column":0},"end":{"line":42,"column":28}},"43":{"start":{"line":44,"column":0},"end":{"line":44,"column":24}},"44":{"start":{"line":45,"column":0},"end":{"line":45,"column":21}},"46":{"start":{"line":47,"column":0},"end":{"line":47,"column":21}},"47":{"start":{"line":48,"column":0},"end":{"line":48,"column":84}},"48":{"start":{"line":49,"column":0},"end":{"line":49,"column":5}},"49":{"start":{"line":50,"column":0},"end":{"line":50,"column":1}}},"s":{"0":1,"2":1,"4":1,"5":1,"16":1,"17":1,"25":4,"26":4,"28":4,"29":4,"31":4,"32":4,"34":4,"35":4,"37":4,"38":4,"40":4,"41":4,"43":4,"44":4,"46":4,"47":4,"48":4,"49":1},"branchMap":{"0":{"type":"branch","line":18,"loc":{"start":{"line":18,"column":4},"end":{"line":49,"column":5}},"locations":[{"start":{"line":18,"column":4},"end":{"line":49,"column":5}}]},"1":{"type":"branch","line":48,"loc":{"start":{"line":48,"column":16},"end":{"line":48,"column":84}},"locations":[{"start":{"line":48,"column":16},"end":{"line":48,"column":84}}]},"2":{"type":"branch","line":27,"loc":{"start":{"line":27,"column":4},"end":{"line":27,"column":31}},"locations":[{"start":{"line":27,"column":4},"end":{"line":27,"column":31}}]},"3":{"type":"branch","line":30,"loc":{"start":{"line":30,"column":4},"end":{"line":30,"column":34}},"locations":[{"start":{"line":30,"column":4},"end":{"line":30,"column":34}}]},"4":{"type":"branch","line":33,"loc":{"start":{"line":33,"column":4},"end":{"line":33,"column":39}},"locations":[{"start":{"line":33,"column":4},"end":{"line":33,"column":39}}]},"5":{"type":"branch","line":36,"loc":{"start":{"line":36,"column":4},"end":{"line":36,"column":30}},"locations":[{"start":{"line":36,"column":4},"end":{"line":36,"column":30}}]},"6":{"type":"branch","line":39,"loc":{"start":{"line":39,"column":4},"end":{"line":39,"column":25}},"locations":[{"start":{"line":39,"column":4},"end":{"line":39,"column":25}}]},"7":{"type":"branch","line":42,"loc":{"start":{"line":42,"column":4},"end":{"line":42,"column":28}},"locations":[{"start":{"line":42,"column":4},"end":{"line":42,"column":28}}]},"8":{"type":"branch","line":45,"loc":{"start":{"line":45,"column":4},"end":{"line":45,"column":21}},"locations":[{"start":{"line":45,"column":4},"end":{"line":45,"column":21}}]}},"b":{"0":[4],"1":[1],"2":[9],"3":[2],"4":[2],"5":[4],"6":[9],"7":[7],"8":[21]},"fnMap":{"0":{"name":"<static_initializer>","decl":{"start":{"line":18,"column":4},"end":{"line":49,"column":5}},"loc":{"start":{"line":18,"column":4},"end":{"line":49,"column":5}},"line":18},"1":{"name":"active","decl":{"start":{"line":48,"column":16},"end":{"line":48,"column":84}},"loc":{"start":{"line":48,"column":16},"end":{"line":48,"column":84}},"line":48}},"f":{"0":4,"1":1}}
,"/Users/cedricpierre/Code/FluORM/src/HasManyRelationBuilder.ts": {"path":"/Users/cedricpierre/Code/FluORM/src/HasManyRelationBuilder.ts","all":false,"statementMap":{"0":{"start":{"line":1,"column":0},"end":{"line":1,"column":50}},"2":{"start":{"line":3,"column":0},"end":{"line":3,"column":51}},"4":{"start":{"line":5,"column":0},"end":{"line":5,"column":86}},"5":{"start":{"line":6,"column":0},"end":{"line":6,"column":31}},"6":{"start":{"line":7,"column":0},"end":{"line":7,"column":59}},"7":{"start":{"line":8,"column":0},"end":{"line":8,"column":71}},"8":{"start":{"line":9,"column":0},"end":{"line":9,"column":5}},"10":{"start":{"line":11,"column":0},"end":{"line":11,"column":70}},"11":{"start":{"line":12,"column":0},"end":{"line":12,"column":59}},"12":{"start":{"line":13,"column":0},"end":{"line":13,"column":33}},"13":{"start":{"line":14,"column":0},"end":{"line":14,"column":22}},"14":{"start":{"line":15,"column":0},"end":{"line":15,"column":10}},"15":{"start":{"line":16,"column":0},"end":{"line":16,"column":55}},"16":{"start":{"line":17,"column":0},"end":{"line":17,"column":5}},"18":{"start":{"line":19,"column":0},"end":{"line":19,"column":54}},"19":{"start":{"line":20,"column":0},"end":{"line":20,"column":79}},"20":{"start":{"line":21,"column":0},"end":{"line":21,"column":5}},"22":{"start":{"line":23,"column":0},"end":{"line":23,"column":91}},"23":{"start":{"line":24,"column":0},"end":{"line":24,"column":70}},"24":{"start":{"line":25,"column":0},"end":{"line":25,"column":32}},"25":{"start":{"line":26,"column":0},"end":{"line":26,"column":22}},"26":{"start":{"line":27,"column":0},"end":{"line":27,"column":10}},"27":{"start":{"line":28,"column":0},"end":{"line":28,"column":55}},"28":{"start":{"line":29,"column":0},"end":{"line":29,"column":5}},"30":{"start":{"line":31,"column":0},"end":{"line":31,"column":58}},"31":{"start":{"line":32,"column":0},"end":{"line":32,"column":36}},"32":{"start":{"line":33,"column":0},"end":{"line":33,"column":29}},"33":{"start":{"line":34,"column":0},"end":{"line":34,"column":41}},"34":{"start":{"line":35,"column":0},"end":{"line":35,"column":27}},"36":{"start":{"line":37,"column":0},"end":{"line":37,"column":59}},"37":{"start":{"line":38,"column":0},"end":{"line":38,"column":71}},"38":{"start":{"line":39,"column":0},"end":{"line":39,"column":5}},"39":{"start":{"line":40,"column":0},"end":{"line":40,"column":1}}},"s":{"0":1,"2":1,"4":1,"5":1,"6":26,"7":26,"8":26,"10":1,"11":4,"12":4,"13":4,"14":4,"15":4,"16":4,"18":1,"19":2,"20":2,"22":1,"23":3,"24":3,"25":3,"26":3,"27":3,"28":3,"30":1,"31":2,"32":2,"33":2,"34":2,"36":2,"37":2,"38":2,"39":1},"branchMap":{"0":{"type":"branch","line":6,"loc":{"start":{"line":6,"column":4},"end":{"line":9,"column":5}},"locations":[{"start":{"line":6,"column":4},"end":{"line":9,"column":5}}]},"1":{"type":"branch","line":8,"loc":{"start":{"line":8,"column":25},"end":{"line":8,"column":70}},"locations":[{"start":{"line":8,"column":25},"end":{"line":8,"column":70}}]},"2":{"type":"branch","line":11,"loc":{"start":{"line":11,"column":4},"end":{"line":17,"column":5}},"locations":[{"start":{"line":11,"column":4},"end":{"line":17,"column":5}}]},"3":{"type":"branch","line":19,"loc":{"start":{"line":19,"column":4},"end":{"line":21,"column":5}},"locations":[{"start":{"line":19,"column":4},"end":{"line":21,"column":5}}]},"4":{"type":"branch","line":23,"loc":{"start":{"line":23,"column":4},"end":{"line":29,"column":5}},"locations":[{"start":{"line":23,"column":4},"end":{"line":29,"column":5}}]},"5":{"type":"branch","line":31,"loc":{"start":{"line":31,"column":4},"end":{"line":39,"column":5}},"locations":[{"start":{"line":31,"column":4},"end":{"line":39,"column":5}}]},"6":{"type":"branch","line":38,"loc":{"start":{"line":38,"column":25},"end":{"line":38,"column":70}},"locations":[{"start":{"line":38,"column":25},"end":{"line":38,"column":70}}]}},"b":{"0":[26],"1":[256],"2":[4],"3":[2],"4":[3],"5":[2],"6":[1]},"fnMap":{"0":{"name":"all","decl":{"start":{"line":6,"column":4},"end":{"line":9,"column":5}},"loc":{"start":{"line":6,"column":4},"end":{"line":9,"column":5}},"line":6},"1":{"name":"create","decl":{"start":{"line":11,"column":4},"end":{"line":17,"column":5}},"loc":{"start":{"line":11,"column":4},"end":{"line":17,"column":5}},"line":11},"2":{"name":"delete","decl":{"start":{"line":19,"column":4},"end":{"line":21,"column":5}},"loc":{"start":{"line":19,"column":4},"end":{"line":21,"column":5}},"line":19},"3":{"name":"update","decl":{"start":{"line":23,"column":4},"end":{"line":29,"column":5}},"loc":{"start":{"line":23,"column":4},"end":{"line":29,"column":5}},"line":23},"4":{"name":"paginate","decl":{"start":{"line":31,"column":4},"end":{"line":39,"column":5}},"loc":{"start":{"line":31,"column":4},"end":{"line":39,"column":5}},"line":31}},"f":{"0":26,"1":4,"2":2,"3":3,"4":2}}
,"/Users/cedricpierre/Code/FluORM/src/HasOneRelationBuilder.ts": {"path":"/Users/cedricpierre/Code/FluORM/src/HasOneRelationBuilder.ts","all":false,"statementMap":{"1":{"start":{"line":2,"column":0},"end":{"line":2,"column":50}},"2":{"start":{"line":3,"column":0},"end":{"line":3,"column":51}},"4":{"start":{"line":5,"column":0},"end":{"line":5,"column":85}},"5":{"start":{"line":6,"column":0},"end":{"line":6,"column":29}},"6":{"start":{"line":7,"column":0},"end":{"line":7,"column":111}},"7":{"start":{"line":8,"column":0},"end":{"line":8,"column":55}},"8":{"start":{"line":9,"column":0},"end":{"line":9,"column":5}},"10":{"start":{"line":11,"column":0},"end":{"line":11,"column":70}},"11":{"start":{"line":12,"column":0},"end":{"line":12,"column":87}},"12":{"start":{"line":13,"column":0},"end":{"line":13,"column":34}},"13":{"start":{"line":14,"column":0},"end":{"line":14,"column":22}},"14":{"start":{"line":15,"column":0},"end":{"line":15,"column":10}},"15":{"start":{"line":16,"column":0},"end":{"line":16,"column":54}},"16":{"start":{"line":17,"column":0},"end":{"line":17,"column":5}},"18":{"start":{"line":19,"column":0},"end":{"line":19,"column":35}},"19":{"start":{"line":20,"column":0},"end":{"line":20,"column":97}},"20":{"start":{"line":21,"column":0},"end":{"line":21,"column":5}},"21":{"start":{"line":22,"column":0},"end":{"line":22,"column":1}}},"s":{"1":1,"2":1,"4":1,"5":1,"6":1,"7":1,"8":1,"10":1,"11":1,"12":1,"13":1,"14":1,"15":1,"16":1,"18":1,"19":1,"20":1,"21":1},"branchMap":{"0":{"type":"branch","line":6,"loc":{"start":{"line":6,"column":4},"end":{"line":9,"column":5}},"locations":[{"start":{"line":6,"column":4},"end":{"line":9,"column":5}}]},"1":{"type":"branch","line":11,"loc":{"start":{"line":11,"column":4},"end":{"line":17,"column":5}},"locations":[{"start":{"line":11,"column":4},"end":{"line":17,"column":5}}]},"2":{"type":"branch","line":19,"loc":{"start":{"line":19,"column":4},"end":{"line":21,"column":5}},"locations":[{"start":{"line":19,"column":4},"end":{"line":21,"column":5}}]}},"b":{"0":[1],"1":[1],"2":[1]},"fnMap":{"0":{"name":"get","decl":{"start":{"line":6,"column":4},"end":{"line":9,"column":5}},"loc":{"start":{"line":6,"column":4},"end":{"line":9,"column":5}},"line":6},"1":{"name":"update","decl":{"start":{"line":11,"column":4},"end":{"line":17,"column":5}},"loc":{"start":{"line":11,"column":4},"end":{"line":17,"column":5}},"line":11},"2":{"name":"delete","decl":{"start":{"line":19,"column":4},"end":{"line":21,"column":5}},"loc":{"start":{"line":19,"column":4},"end":{"line":21,"column":5}},"line":19}},"f":{"0":1,"1":1,"2":1}}
,"/Users/cedricpierre/Code/FluORM/src/HttpClient.ts": {"path":"/Users/cedricpierre/Code/FluORM/src/HttpClient.ts","all":false,"statementMap":{"0":{"start":{"line":1,"column":0},"end":{"line":1,"column":25}},"1":{"start":{"line":2,"column":0},"end":{"line":2,"column":52}},"2":{"start":{"line":3,"column":0},"end":{"line":3,"column":26}},"4":{"start":{"line":5,"column":0},"end":{"line":5,"column":39}},"5":{"start":{"line":6,"column":0},"end":{"line":6,"column":17}},"6":{"start":{"line":7,"column":0},"end":{"line":7,"column":14}},"7":{"start":{"line":8,"column":0},"end":{"line":8,"column":16}},"8":{"start":{"line":9,"column":0},"end":{"line":9,"column":43}},"9":{"start":{"line":10,"column":0},"end":{"line":10,"column":7}},"10":{"start":{"line":11,"column":0},"end":{"line":11,"column":6}},"11":{"start":{"line":12,"column":0},"end":{"line":12,"column":34}},"12":{"start":{"line":13,"column":0},"end":{"line":13,"column":35}},"13":{"start":{"line":14,"column":0},"end":{"line":14,"column":32}},"14":{"start":{"line":15,"column":0},"end":{"line":15,"column":40}},"15":{"start":{"line":16,"column":0},"end":{"line":16,"column":19}},"16":{"start":{"line":17,"column":0},"end":{"line":17,"column":21}},"17":{"start":{"line":18,"column":0},"end":{"line":18,"column":54}},"18":{"start":{"line":19,"column":0},"end":{"line":19,"column":5}},"19":{"start":{"line":20,"column":0},"end":{"line":20,"column":3}},"21":{"start":{"line":22,"column":0},"end":{"line":22,"column":54}},"22":{"start":{"line":23,"column":0},"end":{"line":23,"column":47}},"23":{"start":{"line":24,"column":0},"end":{"line":24,"column":3}},"25":{"start":{"line":26,"column":0},"end":{"line":26,"column":35}},"26":{"start":{"line":27,"column":0},"end":{"line":27,"column":28}},"27":{"start":{"line":28,"column":0},"end":{"line":28,"column":3}},"29":{"start":{"line":30,"column":0},"end":{"line":30,"column":23}},"30":{"start":{"line":31,"column":0},"end":{"line":31,"column":24}},"31":{"start":{"line":32,"column":0},"end":{"line":32,"column":3}},"33":{"start":{"line":34,"column":0},"end":{"line":34,"column":22}},"34":{"start":{"line":35,"column":0},"end":{"line":35,"column":22}},"35":{"start":{"line":36,"column":0},"end":{"line":36,"column":3}},"37":{"start":{"line":38,"column":0},"end":{"line":38,"column":52}},"38":{"start":{"line":39,"column":0},"end":{"line":39,"column":44}},"39":{"start":{"line":40,"column":0},"end":{"line":40,"column":3}},"41":{"start":{"line":42,"column":0},"end":{"line":42,"column":20}},"42":{"start":{"line":43,"column":0},"end":{"line":43,"column":20}},"43":{"start":{"line":44,"column":0},"end":{"line":44,"column":3}},"45":{"start":{"line":46,"column":0},"end":{"line":46,"column":29}},"46":{"start":{"line":47,"column":0},"end":{"line":47,"column":16}},"47":{"start":{"line":48,"column":0},"end":{"line":48,"column":28}},"48":{"start":{"line":49,"column":0},"end":{"line":49,"column":31}},"49":{"start":{"line":50,"column":0},"end":{"line":50,"column":9}},"50":{"start":{"line":51,"column":0},"end":{"line":51,"column":21}},"52":{"start":{"line":53,"column":0},"end":{"line":53,"column":34}},"53":{"start":{"line":54,"column":0},"end":{"line":54,"column":46}},"54":{"start":{"line":55,"column":0},"end":{"line":55,"column":7}},"57":{"start":{"line":58,"column":0},"end":{"line":58,"column":47}},"58":{"start":{"line":59,"column":0},"end":{"line":59,"column":48}},"59":{"start":{"line":60,"column":0},"end":{"line":60,"column":25}},"60":{"start":{"line":61,"column":0},"end":{"line":61,"column":33}},"61":{"start":{"line":62,"column":0},"end":{"line":62,"column":82}},"62":{"start":{"line":63,"column":0},"end":{"line":63,"column":54}},"63":{"start":{"line":64,"column":0},"end":{"line":64,"column":11}},"65":{"start":{"line":66,"column":0},"end":{"line":66,"column":34}},"66":{"start":{"line":67,"column":0},"end":{"line":67,"column":9}},"67":{"start":{"line":68,"column":0},"end":{"line":68,"column":7}},"69":{"start":{"line":70,"column":0},"end":{"line":70,"column":85}},"70":{"start":{"line":71,"column":0},"end":{"line":71,"column":100}},"72":{"start":{"line":73,"column":0},"end":{"line":73,"column":44}},"73":{"start":{"line":74,"column":0},"end":{"line":74,"column":83}},"74":{"start":{"line":75,"column":0},"end":{"line":75,"column":7}},"76":{"start":{"line":77,"column":0},"end":{"line":77,"column":76}},"78":{"start":{"line":79,"column":0},"end":{"line":79,"column":45}},"79":{"start":{"line":80,"column":0},"end":{"line":80,"column":72}},"80":{"start":{"line":81,"column":0},"end":{"line":81,"column":7}},"83":{"start":{"line":84,"column":0},"end":{"line":84,"column":47}},"84":{"start":{"line":85,"column":0},"end":{"line":85,"column":30}},"85":{"start":{"line":86,"column":0},"end":{"line":86,"column":25}},"86":{"start":{"line":87,"column":0},"end":{"line":87,"column":31}},"87":{"start":{"line":88,"column":0},"end":{"line":88,"column":11}},"88":{"start":{"line":89,"column":0},"end":{"line":89,"column":7}},"90":{"start":{"line":91,"column":0},"end":{"line":91,"column":21}},"91":{"start":{"line":92,"column":0},"end":{"line":92,"column":21}},"92":{"start":{"line":93,"column":0},"end":{"line":93,"column":68}},"93":{"start":{"line":94,"column":0},"end":{"line":94,"column":44}},"94":{"start":{"line":95,"column":0},"end":{"line":95,"column":7}},"95":{"start":{"line":96,"column":0},"end":{"line":96,"column":17}},"96":{"start":{"line":97,"column":0},"end":{"line":97,"column":5}},"97":{"start":{"line":98,"column":0},"end":{"line":98,"column":3}},"98":{"start":{"line":99,"column":0},"end":{"line":99,"column":1}},"100":{"start":{"line":101,"column":0},"end":{"line":101,"column":88}},"101":{"start":{"line":102,"column":0},"end":{"line":102,"column":41}},"103":{"start":{"line":104,"column":0},"end":{"line":104,"column":81}},"104":{"start":{"line":105,"column":0},"end":{"line":105,"column":48}},"105":{"start":{"line":106,"column":0},"end":{"line":106,"column":3}},"107":{"start":{"line":108,"column":0},"end":{"line":108,"column":7}},"108":{"start":{"line":109,"column":0},"end":{"line":109,"column":65}},"110":{"start":{"line":111,"column":0},"end":{"line":111,"column":22}},"111":{"start":{"line":112,"column":0},"end":{"line":112,"column":19}},"112":{"start":{"line":113,"column":0},"end":{"line":113,"column":44}},"113":{"start":{"line":114,"column":0},"end":{"line":114,"column":3}},"114":{"start":{"line":115,"column":0},"end":{"line":115,"column":2}},"116":{"start":{"line":117,"column":0},"end":{"line":117,"column":24}},"117":{"start":{"line":118,"column":0},"end":{"line":118,"column":13}},"118":{"start":{"line":119,"column":0},"end":{"line":119,"column":15}},"119":{"start":{"line":120,"column":0},"end":{"line":120,"column":13}},"120":{"start":{"line":121,"column":0},"end":{"line":121,"column":17}},"121":{"start":{"line":122,"column":0},"end":{"line":122,"column":19}},"122":{"start":{"line":123,"column":0},"end":{"line":123,"column":15}},"123":{"start":{"line":124,"column":0},"end":{"line":124,"column":21}},"124":{"start":{"line":125,"column":0},"end":{"line":125,"column":11}}},"s":{"0":1,"1":1,"2":1,"4":6,"5":6,"6":6,"7":6,"8":6,"9":6,"10":6,"11":6,"12":6,"13":6,"14":6,"15":6,"16":6,"17":6,"18":6,"19":6,"21":1,"22":38,"23":38,"25":1,"26":2,"27":2,"29":1,"30":15,"31":15,"33":1,"34":2,"35":2,"37":1,"38":10,"39":10,"41":1,"42":20,"43":20,"45":1,"46":41,"47":41,"48":41,"49":41,"50":41,"52":41,"53":1,"54":1,"57":41,"58":15,"59":15,"60":4,"61":4,"62":3,"63":3,"65":1,"66":1,"67":15,"69":41,"70":41,"72":41,"73":9,"74":9,"76":37,"78":41,"79":21,"80":21,"83":41,"84":10,"85":10,"86":10,"87":10,"88":10,"90":34,"91":41,"92":2,"93":1,"94":1,"95":2,"96":2,"97":41,"98":1,"100":24,"101":24,"103":24,"104":10,"105":10,"107":24,"108":24,"110":23,"111":24,"112":0,"113":0,"114":1,"116":1,"117":1,"118":1,"119":1,"120":1,"121":1,"122":1,"123":1,"124":1},"branchMap":{"0":{"type":"branch","line":3,"loc":{"start":{"line":3,"column":2},"end":{"line":20,"column":3}},"locations":[{"start":{"line":3,"column":2},"end":{"line":20,"column":3}}]},"1":{"type":"branch","line":22,"loc":{"start":{"line":22,"column":9},"end":{"line":24,"column":3}},"locations":[{"start":{"line":22,"column":9},"end":{"line":24,"column":3}}]},"2":{"type":"branch","line":26,"loc":{"start":{"line":26,"column":9},"end":{"line":28,"column":3}},"locations":[{"start":{"line":26,"column":9},"end":{"line":28,"column":3}}]},"3":{"type":"branch","line":30,"loc":{"start":{"line":30,"column":9},"end":{"line":32,"column":3}},"locations":[{"start":{"line":30,"column":9},"end":{"line":32,"column":3}}]},"4":{"type":"branch","line":34,"loc":{"start":{"line":34,"column":2},"end":{"line":36,"column":3}},"locations":[{"start":{"line":34,"column":2},"end":{"line":36,"column":3}}]},"5":{"type":"branch","line":38,"loc":{"start":{"line":38,"column":9},"end":{"line":40,"column":3}},"locations":[{"start":{"line":38,"column":9},"end":{"line":40,"column":3}}]},"6":{"type":"branch","line":42,"loc":{"start":{"line":42,"column":2},"end":{"line":44,"column":3}},"locations":[{"start":{"line":42,"column":2},"end":{"line":44,"column":3}}]},"7":{"type":"branch","line":46,"loc":{"start":{"line":46,"column":2},"end":{"line":98,"column":3}},"locations":[{"start":{"line":46,"column":2},"end":{"line":98,"column":3}}]},"8":{"type":"branch","line":53,"loc":{"start":{"line":53,"column":33},"end":{"line":55,"column":7}},"locations":[{"start":{"line":53,"column":33},"end":{"line":55,"column":7}}]},"9":{"type":"branch","line":55,"loc":{"start":{"line":55,"column":6},"end":{"line":58,"column":46}},"locations":[{"start":{"line":55,"column":6},"end":{"line":58,"column":46}}]},"10":{"type":"branch","line":58,"loc":{"start":{"line":58,"column":46},"end":{"line":68,"column":7}},"locations":[{"start":{"line":58,"column":46},"end":{"line":68,"column":7}}]},"11":{"type":"branch","line":60,"loc":{"start":{"line":60,"column":24},"end":{"line":67,"column":9}},"locations":[{"start":{"line":60,"column":24},"end":{"line":67,"column":9}}]},"12":{"type":"branch","line":62,"loc":{"start":{"line":62,"column":70},"end":{"line":62,"column":81}},"locations":[{"start":{"line":62,"column":70},"end":{"line":62,"column":81}}]},"13":{"type":"branch","line":62,"loc":{"start":{"line":62,"column":81},"end":{"line":64,"column":11}},"locations":[{"start":{"line":62,"column":81},"end":{"line":64,"column":11}}]},"14":{"type":"branch","line":64,"loc":{"start":{"line":64,"column":10},"end":{"line":67,"column":9}},"locations":[{"start":{"line":64,"column":10},"end":{"line":67,"column":9}}]},"15":{"type":"branch","line":68,"loc":{"start":{"line":68,"column":6},"end":{"line":70,"column":66}},"locations":[{"start":{"line":68,"column":6},"end":{"line":70,"column":66}}]},"16":{"type":"branch","line":73,"loc":{"start":{"line":73,"column":43},"end":{"line":75,"column":7}},"locations":[{"start":{"line":73,"column":43},"end":{"line":75,"column":7}}]},"17":{"type":"branch","line":75,"loc":{"start":{"line":75,"column":6},"end":{"line":77,"column":76}},"locations":[{"start":{"line":75,"column":6},"end":{"line":77,"column":76}}]},"18":{"type":"branch","line":77,"loc":{"start":{"line":77,"column":74},"end":{"line":79,"column":44}},"locations":[{"start":{"line":77,"column":74},"end":{"line":79,"column":44}}]},"19":{"type":"branch","line":79,"loc":{"start":{"line":79,"column":44},"end":{"line":81,"column":7}},"locations":[{"start":{"line":79,"column":44},"end":{"line":81,"column":7}}]},"20":{"type":"branch","line":81,"loc":{"start":{"line":81,"column":6},"end":{"line":84,"column":46}},"locations":[{"start":{"line":81,"column":6},"end":{"line":84,"column":46}}]},"21":{"type":"branch","line":84,"loc":{"start":{"line":84,"column":46},"end":{"line":89,"column":7}},"locations":[{"start":{"line":84,"column":46},"end":{"line":89,"column":7}}]},"22":{"type":"branch","line":89,"loc":{"start":{"line":89,"column":6},"end":{"line":92,"column":13}},"locations":[{"start":{"line":89,"column":6},"end":{"line":92,"column":13}}]},"23":{"type":"branch","line":92,"loc":{"start":{"line":92,"column":4},"end":{"line":97,"column":5}},"locations":[{"start":{"line":92,"column":4},"end":{"line":97,"column":5}}]},"24":{"type":"branch","line":93,"loc":{"start":{"line":93,"column":23},"end":{"line":93,"column":67}},"locations":[{"start":{"line":93,"column":23},"end":{"line":93,"column":67}}]},"25":{"type":"branch","line":93,"loc":{"start":{"line":93,"column":67},"end":{"line":95,"column":7}},"locations":[{"start":{"line":93,"column":67},"end":{"line":95,"column":7}}]},"26":{"type":"branch","line":101,"loc":{"start":{"line":101,"column":0},"end":{"line":115,"column":1}},"locations":[{"start":{"line":101,"column":0},"end":{"line":115,"column":1}}]},"27":{"type":"branch","line":104,"loc":{"start":{"line":104,"column":80},"end":{"line":106,"column":3}},"locations":[{"start":{"line":104,"column":80},"end":{"line":106,"column":3}}]},"28":{"type":"branch","line":109,"loc":{"start":{"line":109,"column":63},"end":{"line":112,"column":11}},"locations":[{"start":{"line":109,"column":63},"end":{"line":112,"column":11}}]},"29":{"type":"branch","line":112,"loc":{"start":{"line":112,"column":2},"end":{"line":114,"column":3}},"locations":[{"start":{"line":112,"column":2},"end":{"line":114,"column":3}}]}},"b":{"0":[6],"1":[38],"2":[2],"3":[15],"4":[2],"5":[10],"6":[20],"7":[41],"8":[1],"9":[40],"10":[15],"11":[4],"12":[0],"13":[3],"14":[1],"15":[37],"16":[9],"17":[37],"18":[34],"19":[21],"20":[34],"21":[10],"22":[34],"23":[2],"24":[1],"25":[1],"26":[24],"27":[10],"28":[23],"29":[0]},"fnMap":{"0":{"name":"<static_initializer>","decl":{"start":{"line":3,"column":2},"end":{"line":20,"column":3}},"loc":{"start":{"line":3,"column":2},"end":{"line":20,"column":3}},"line":3},"1":{"name":"configure","decl":{"start":{"line":22,"column":9},"end":{"line":24,"column":3}},"loc":{"start":{"line":22,"column":9},"end":{"line":24,"column":3}},"line":22},"2":{"name":"deleteCache","decl":{"start":{"line":26,"column":9},"end":{"line":28,"column":3}},"loc":{"start":{"line":26,"column":9},"end":{"line":28,"column":3}},"line":26},"3":{"name":"clearCache","decl":{"start":{"line":30,"column":9},"end":{"line":32,"column":3}},"loc":{"start":{"line":30,"column":9},"end":{"line":32,"column":3}},"line":30},"4":{"name":"get cache","decl":{"start":{"line":34,"column":2},"end":{"line":36,"column":3}},"loc":{"start":{"line":34,"column":2},"end":{"line":36,"column":3}},"line":34},"5":{"name":"getCache","decl":{"start":{"line":38,"column":9},"end":{"line":40,"column":3}},"loc":{"start":{"line":38,"column":9},"end":{"line":40,"column":3}},"line":38},"6":{"name":"get url","decl":{"start":{"line":42,"column":2},"end":{"line":44,"column":3}},"loc":{"start":{"line":42,"column":2},"end":{"line":44,"column":3}},"line":42},"7":{"name":"call","decl":{"start":{"line":46,"column":2},"end":{"line":98,"column":3}},"loc":{"start":{"line":46,"column":2},"end":{"line":98,"column":3}},"line":46},"8":{"name":"fetchRequestHandler","decl":{"start":{"line":101,"column":0},"end":{"line":115,"column":1}},"loc":{"start":{"line":101,"column":0},"end":{"line":115,"column":1}},"line":101}},"f":{"0":6,"1":38,"2":2,"3":15,"4":2,"5":10,"6":20,"7":41,"8":24}}
,"/Users/cedricpierre/Code/FluORM/src/Model.ts": {"path":"/Users/cedricpierre/Code/FluORM/src/Model.ts","all":false,"statementMap":{"1":{"start":{"line":2,"column":0},"end":{"line":2,"column":50}},"2":{"start":{"line":3,"column":0},"end":{"line":3,"column":63}},"3":{"start":{"line":4,"column":0},"end":{"line":4,"column":65}},"10":{"start":{"line":11,"column":0},"end":{"line":11,"column":51}},"12":{"start":{"line":13,"column":0},"end":{"line":13,"column":15}},"19":{"start":{"line":20,"column":0},"end":{"line":20,"column":56}},"21":{"start":{"line":22,"column":0},"end":{"line":22,"column":25}},"23":{"start":{"line":24,"column":0},"end":{"line":24,"column":15}},"24":{"start":{"line":25,"column":0},"end":{"line":25,"column":31}},"25":{"start":{"line":26,"column":0},"end":{"line":26,"column":5}},"27":{"start":{"line":28,"column":0},"end":{"line":28,"column":85}},"29":{"start":{"line":30,"column":0},"end":{"line":30,"column":18}},"30":{"start":{"line":31,"column":0},"end":{"line":31,"column":32}},"31":{"start":{"line":32,"column":0},"end":{"line":32,"column":5}},"33":{"start":{"line":34,"column":0},"end":{"line":34,"column":15}},"34":{"start":{"line":35,"column":0},"end":{"line":35,"column":3}},"36":{"start":{"line":37,"column":0},"end":{"line":37,"column":22}},"37":{"start":{"line":38,"column":0},"end":{"line":38,"column":21}},"38":{"start":{"line":39,"column":0},"end":{"line":39,"column":3}},"40":{"start":{"line":41,"column":0},"end":{"line":41,"column":26}},"41":{"start":{"line":42,"column":0},"end":{"line":42,"column":21}},"42":{"start":{"line":43,"column":0},"end":{"line":43,"column":3}},"44":{"start":{"line":45,"column":0},"end":{"line":45,"column":88}},"45":{"start":{"line":46,"column":0},"end":{"line":46,"column":40}},"46":{"start":{"line":47,"column":0},"end":{"line":47,"column":42}},"47":{"start":{"line":48,"column":0},"end":{"line":48,"column":8}},"48":{"start":{"line":49,"column":0},"end":{"line":49,"column":67}},"49":{"start":{"line":50,"column":0},"end":{"line":50,"column":41}},"50":{"start":{"line":51,"column":0},"end":{"line":51,"column":37}},"51":{"start":{"line":52,"column":0},"end":{"line":52,"column":37}},"52":{"start":{"line":53,"column":0},"end":{"line":53,"column":109}},"53":{"start":{"line":54,"column":0},"end":{"line":54,"column":5}},"54":{"start":{"line":55,"column":0},"end":{"line":55,"column":45}},"55":{"start":{"line":56,"column":0},"end":{"line":56,"column":3}},"57":{"start":{"line":58,"column":0},"end":{"line":58,"column":81}},"58":{"start":{"line":59,"column":0},"end":{"line":59,"column":27}},"59":{"start":{"line":60,"column":0},"end":{"line":60,"column":3}},"61":{"start":{"line":62,"column":0},"end":{"line":62,"column":65}},"62":{"start":{"line":63,"column":0},"end":{"line":63,"column":95}},"63":{"start":{"line":64,"column":0},"end":{"line":64,"column":3}},"65":{"start":{"line":66,"column":0},"end":{"line":66,"column":93}},"66":{"start":{"line":67,"column":0},"end":{"line":67,"column":108}},"67":{"start":{"line":68,"column":0},"end":{"line":68,"column":3}},"69":{"start":{"line":70,"column":0},"end":{"line":70,"column":96}},"70":{"start":{"line":71,"column":0},"end":{"line":71,"column":111}},"71":{"start":{"line":72,"column":0},"end":{"line":72,"column":3}},"73":{"start":{"line":74,"column":0},"end":{"line":74,"column":97}},"74":{"start":{"line":75,"column":0},"end":{"line":75,"column":114}},"75":{"start":{"line":76,"column":0},"end":{"line":76,"column":3}},"77":{"start":{"line":78,"column":0},"end":{"line":78,"column":56}},"78":{"start":{"line":79,"column":0},"end":{"line":79,"column":116}},"79":{"start":{"line":80,"column":0},"end":{"line":80,"column":3}},"81":{"start":{"line":82,"column":0},"end":{"line":82,"column":76}},"82":{"start":{"line":83,"column":0},"end":{"line":83,"column":115}},"83":{"start":{"line":84,"column":0},"end":{"line":84,"column":3}},"85":{"start":{"line":86,"column":0},"end":{"line":86,"column":97}},"86":{"start":{"line":87,"column":0},"end":{"line":87,"column":121}},"87":{"start":{"line":88,"column":0},"end":{"line":88,"column":3}},"89":{"start":{"line":90,"column":0},"end":{"line":90,"column":118}},"90":{"start":{"line":91,"column":0},"end":{"line":91,"column":125}},"91":{"start":{"line":92,"column":0},"end":{"line":92,"column":3}},"93":{"start":{"line":94,"column":0},"end":{"line":94,"column":81}},"94":{"start":{"line":95,"column":0},"end":{"line":95,"column":76}},"95":{"start":{"line":96,"column":0},"end":{"line":96,"column":3}},"97":{"start":{"line":98,"column":0},"end":{"line":98,"column":30}},"98":{"start":{"line":99,"column":0},"end":{"line":99,"column":47}},"100":{"start":{"line":101,"column":0},"end":{"line":101,"column":62}},"101":{"start":{"line":102,"column":0},"end":{"line":102,"column":26}},"102":{"start":{"line":103,"column":0},"end":{"line":103,"column":6}},"104":{"start":{"line":105,"column":0},"end":{"line":105,"column":29}},"106":{"start":{"line":107,"column":0},"end":{"line":107,"column":15}},"107":{"start":{"line":108,"column":0},"end":{"line":108,"column":3}},"109":{"start":{"line":110,"column":0},"end":{"line":110,"column":31}},"111":{"start":{"line":112,"column":0},"end":{"line":112,"column":18}},"112":{"start":{"line":113,"column":0},"end":{"line":113,"column":26}},"113":{"start":{"line":114,"column":0},"end":{"line":114,"column":5}},"115":{"start":{"line":116,"column":0},"end":{"line":116,"column":47}},"117":{"start":{"line":118,"column":0},"end":{"line":118,"column":46}},"118":{"start":{"line":119,"column":0},"end":{"line":119,"column":27}},"119":{"start":{"line":120,"column":0},"end":{"line":120,"column":23}},"120":{"start":{"line":121,"column":0},"end":{"line":121,"column":6}},"121":{"start":{"line":122,"column":0},"end":{"line":122,"column":29}},"122":{"start":{"line":123,"column":0},"end":{"line":123,"column":15}},"123":{"start":{"line":124,"column":0},"end":{"line":124,"column":3}},"125":{"start":{"line":126,"column":0},"end":{"line":126,"column":72}},"126":{"start":{"line":127,"column":0},"end":{"line":127,"column":47}},"129":{"start":{"line":130,"column":0},"end":{"line":130,"column":39}},"130":{"start":{"line":131,"column":0},"end":{"line":131,"column":65}},"131":{"start":{"line":132,"column":0},"end":{"line":132,"column":28}},"132":{"start":{"line":133,"column":0},"end":{"line":133,"column":23}},"133":{"start":{"line":134,"column":0},"end":{"line":134,"column":6}},"134":{"start":{"line":135,"column":0},"end":{"line":135,"column":32}},"135":{"start":{"line":136,"column":0},"end":{"line":136,"column":15}},"136":{"start":{"line":137,"column":0},"end":{"line":137,"column":3}},"139":{"start":{"line":140,"column":0},"end":{"line":140,"column":33}},"140":{"start":{"line":141,"column":0},"end":{"line":141,"column":47}},"142":{"start":{"line":143,"column":0},"end":{"line":143,"column":49}},"143":{"start":{"line":144,"column":0},"end":{"line":144,"column":28}},"144":{"start":{"line":145,"column":0},"end":{"line":145,"column":6}},"145":{"start":{"line":146,"column":0},"end":{"line":146,"column":3}},"148":{"start":{"line":149,"column":0},"end":{"line":149,"column":35}},"149":{"start":{"line":150,"column":0},"end":{"line":150,"column":39}},"151":{"start":{"line":152,"column":0},"end":{"line":152,"column":38}},"152":{"start":{"line":153,"column":0},"end":{"line":153,"column":40}},"153":{"start":{"line":154,"column":0},"end":{"line":154,"column":6}},"155":{"start":{"line":156,"column":0},"end":{"line":156,"column":85}},"156":{"start":{"line":157,"column":0},"end":{"line":157,"column":66}},"157":{"start":{"line":158,"column":0},"end":{"line":158,"column":27}},"158":{"start":{"line":159,"column":0},"end":{"line":159,"column":52}},"159":{"start":{"line":160,"column":0},"end":{"line":160,"column":37}},"160":{"start":{"line":161,"column":0},"end":{"line":161,"column":37}},"161":{"start":{"line":162,"column":0},"end":{"line":162,"column":62}},"162":{"start":{"line":163,"column":0},"end":{"line":163,"column":114}},"163":{"start":{"line":164,"column":0},"end":{"line":164,"column":9}},"164":{"start":{"line":165,"column":0},"end":{"line":165,"column":7}},"165":{"start":{"line":166,"column":0},"end":{"line":166,"column":5}},"166":{"start":{"line":167,"column":0},"end":{"line":167,"column":14}},"167":{"start":{"line":168,"column":0},"end":{"line":168,"column":3}},"168":{"start":{"line":169,"column":0},"end":{"line":169,"column":1}}},"s":{"1":1,"2":1,"3":1,"10":1,"12":323,"19":323,"21":323,"23":323,"24":323,"25":323,"27":323,"29":323,"30":302,"31":302,"33":323,"34":323,"36":323,"37":360,"38":360,"40":323,"41":314,"42":314,"44":323,"45":27,"46":27,"47":27,"48":27,"49":27,"50":8,"51":8,"52":8,"53":8,"54":27,"55":27,"57":323,"58":14,"59":14,"61":323,"62":1,"63":1,"65":323,"66":2,"67":2,"69":323,"70":2,"71":2,"73":323,"74":1,"75":1,"77":323,"78":5,"79":5,"81":323,"82":9,"83":9,"85":323,"86":2,"87":2,"89":323,"90":3,"91":3,"93":323,"94":2,"95":2,"97":323,"98":4,"100":4,"101":4,"102":4,"104":4,"106":4,"107":4,"109":323,"111":4,"112":3,"113":3,"115":1,"117":1,"118":1,"119":1,"120":1,"121":1,"122":1,"123":4,"125":323,"126":9,"129":9,"130":9,"131":9,"132":9,"133":9,"134":7,"135":7,"136":9,"139":323,"140":1,"142":1,"143":1,"144":1,"145":1,"148":323,"149":4,"151":4,"152":12,"153":4,"155":4,"156":4,"157":11,"158":7,"159":7,"160":1,"161":7,"162":1,"163":1,"164":7,"165":11,"166":4,"167":4,"168":323},"branchMap":{"0":{"type":"branch","line":11,"loc":{"start":{"line":11,"column":7},"end":{"line":169,"column":1}},"locations":[{"start":{"line":11,"column":7},"end":{"line":169,"column":1}}]},"1":{"type":"branch","line":20,"loc":{"start":{"line":20,"column":2},"end":{"line":20,"column":56}},"locations":[{"start":{"line":20,"column":2},"end":{"line":20,"column":56}}]},"2":{"type":"branch","line":22,"loc":{"start":{"line":22,"column":2},"end":{"line":35,"column":3}},"locations":[{"start":{"line":22,"column":2},"end":{"line":35,"column":3}}]},"3":{"type":"branch","line":28,"loc":{"start":{"line":28,"column":43},"end":{"line":28,"column":85}},"locations":[{"start":{"line":28,"column":43},"end":{"line":28,"column":85}}]},"4":{"type":"branch","line":30,"loc":{"start":{"line":30,"column":17},"end":{"line":32,"column":5}},"locations":[{"start":{"line":30,"column":17},"end":{"line":32,"column":5}}]},"5":{"type":"branch","line":37,"loc":{"start":{"line":37,"column":2},"end":{"line":39,"column":3}},"locations":[{"start":{"line":37,"column":2},"end":{"line":39,"column":3}}]},"6":{"type":"branch","line":41,"loc":{"start":{"line":41,"column":2},"end":{"line":43,"column":3}},"locations":[{"start":{"line":41,"column":2},"end":{"line":43,"column":3}}]},"7":{"type":"branch","line":45,"loc":{"start":{"line":45,"column":17},"end":{"line":56,"column":3}},"locations":[{"start":{"line":45,"column":17},"end":{"line":56,"column":3}}]},"8":{"type":"branch","line":50,"loc":{"start":{"line":50,"column":40},"end":{"line":54,"column":5}},"locations":[{"start":{"line":50,"column":40},"end":{"line":54,"column":5}}]},"9":{"type":"branch","line":53,"loc":{"start":{"line":53,"column":63},"end":{"line":53,"column":88}},"locations":[{"start":{"line":53,"column":63},"end":{"line":53,"column":88}}]},"10":{"type":"branch","line":58,"loc":{"start":{"line":58,"column":9},"end":{"line":60,"column":3}},"locations":[{"start":{"line":58,"column":9},"end":{"line":60,"column":3}}]},"11":{"type":"branch","line":62,"loc":{"start":{"line":62,"column":9},"end":{"line":64,"column":3}},"locations":[{"start":{"line":62,"column":9},"end":{"line":64,"column":3}}]},"12":{"type":"branch","line":66,"loc":{"start":{"line":66,"column":9},"end":{"line":68,"column":3}},"locations":[{"start":{"line":66,"column":9},"end":{"line":68,"column":3}}]},"13":{"type":"branch","line":70,"loc":{"start":{"line":70,"column":9},"end":{"line":72,"column":3}},"locations":[{"start":{"line":70,"column":9},"end":{"line":72,"column":3}}]},"14":{"type":"branch","line":74,"loc":{"start":{"line":74,"column":9},"end":{"line":76,"column":3}},"locations":[{"start":{"line":74,"column":9},"end":{"line":76,"column":3}}]},"15":{"type":"branch","line":78,"loc":{"start":{"line":78,"column":2},"end":{"line":80,"column":3}},"locations":[{"start":{"line":78,"column":2},"end":{"line":80,"column":3}}]},"16":{"type":"branch","line":82,"loc":{"start":{"line":82,"column":2},"end":{"line":84,"column":3}},"locations":[{"start":{"line":82,"column":2},"end":{"line":84,"column":3}}]},"17":{"type":"branch","line":86,"loc":{"start":{"line":86,"column":2},"end":{"line":88,"column":3}},"locations":[{"start":{"line":86,"column":2},"end":{"line":88,"column":3}}]},"18":{"type":"branch","line":90,"loc":{"start":{"line":90,"column":2},"end":{"line":92,"column":3}},"locations":[{"start":{"line":90,"column":2},"end":{"line":92,"column":3}}]},"19":{"type":"branch","line":94,"loc":{"start":{"line":94,"column":2},"end":{"line":96,"column":3}},"locations":[{"start":{"line":94,"column":2},"end":{"line":96,"column":3}}]},"20":{"type":"branch","line":98,"loc":{"start":{"line":98,"column":2},"end":{"line":108,"column":3}},"locations":[{"start":{"line":98,"column":2},"end":{"line":108,"column":3}}]},"21":{"type":"branch","line":110,"loc":{"start":{"line":110,"column":2},"end":{"line":124,"column":3}},"locations":[{"start":{"line":110,"column":2},"end":{"line":124,"column":3}}]},"22":{"type":"branch","line":112,"loc":{"start":{"line":112,"column":17},"end":{"line":123,"column":15}},"locations":[{"start":{"line":112,"column":17},"end":{"line":123,"column":15}}]},"23":{"type":"branch","line":114,"loc":{"start":{"line":114,"column":4},"end":{"line":123,"column":15}},"locations":[{"start":{"line":114,"column":4},"end":{"line":123,"column":15}}]},"24":{"type":"branch","line":126,"loc":{"start":{"line":126,"column":2},"end":{"line":137,"column":3}},"locations":[{"start":{"line":126,"column":2},"end":{"line":137,"column":3}}]},"25":{"type":"branch","line":130,"loc":{"start":{"line":130,"column":14},"end":{"line":130,"column":39}},"locations":[{"start":{"line":130,"column":14},"end":{"line":130,"column":39}}]},"26":{"type":"branch","line":134,"loc":{"start":{"line":134,"column":5},"end":{"line":136,"column":15}},"locations":[{"start":{"line":134,"column":5},"end":{"line":136,"column":15}}]},"27":{"type":"branch","line":140,"loc":{"start":{"line":140,"column":2},"end":{"line":146,"column":3}},"locations":[{"start":{"line":140,"column":2},"end":{"line":146,"column":3}}]},"28":{"type":"branch","line":149,"loc":{"start":{"line":149,"column":2},"end":{"line":168,"column":3}},"locations":[{"start":{"line":149,"column":2},"end":{"line":168,"column":3}}]},"29":{"type":"branch","line":157,"loc":{"start":{"line":157,"column":65},"end":{"line":166,"column":5}},"locations":[{"start":{"line":157,"column":65},"end":{"line":166,"column":5}}]},"30":{"type":"branch","line":158,"loc":{"start":{"line":158,"column":26},"end":{"line":165,"column":7}},"locations":[{"start":{"line":158,"column":26},"end":{"line":165,"column":7}}]},"31":{"type":"branch","line":160,"loc":{"start":{"line":160,"column":36},"end":{"line":162,"column":19}},"locations":[{"start":{"line":160,"column":36},"end":{"line":162,"column":19}}]},"32":{"type":"branch","line":162,"loc":{"start":{"line":162,"column":8},"end":{"line":164,"column":9}},"locations":[{"start":{"line":162,"column":8},"end":{"line":164,"column":9}}]},"33":{"type":"branch","line":162,"loc":{"start":{"line":162,"column":38},"end":{"line":162,"column":61}},"locations":[{"start":{"line":162,"column":38},"end":{"line":162,"column":61}}]},"34":{"type":"branch","line":162,"loc":{"start":{"line":162,"column":61},"end":{"line":164,"column":9}},"locations":[{"start":{"line":162,"column":61},"end":{"line":164,"column":9}}]},"35":{"type":"branch","line":152,"loc":{"start":{"line":152,"column":30},"end":{"line":154,"column":5}},"locations":[{"start":{"line":152,"column":30},"end":{"line":154,"column":5}}]},"36":{"type":"branch","line":163,"loc":{"start":{"line":163,"column":34},"end":{"line":163,"column":70}},"locations":[{"start":{"line":163,"column":34},"end":{"line":163,"column":70}}]},"37":{"type":"branch","line":163,"loc":{"start":{"line":163,"column":76},"end":{"line":163,"column":113}},"locations":[{"start":{"line":163,"column":76},"end":{"line":163,"column":113}}]}},"b":{"0":[323],"1":[5],"2":[323],"3":[31],"4":[302],"5":[360],"6":[314],"7":[27],"8":[8],"9":[8],"10":[14],"11":[1],"12":[2],"13":[2],"14":[1],"15":[5],"16":[9],"17":[2],"18":[3],"19":[2],"20":[4],"21":[4],"22":[3],"23":[1],"24":[9],"25":[6],"26":[7],"27":[1],"28":[4],"29":[11],"30":[7],"31":[1],"32":[6],"33":[1],"34":[1],"35":[12],"36":[2],"37":[2]},"fnMap":{"0":{"name":"<instance_members_initializer>","decl":{"start":{"line":11,"column":7},"end":{"line":169,"column":1}},"loc":{"start":{"line":11,"column":7},"end":{"line":169,"column":1}},"line":11},"1":{"name":"<static_initializer>","decl":{"start":{"line":20,"column":2},"end":{"line":20,"column":56}},"loc":{"start":{"line":20,"column":2},"end":{"line":20,"column":56}},"line":20},"2":{"name":"Model","decl":{"start":{"line":22,"column":2},"end":{"line":35,"column":3}},"loc":{"start":{"line":22,"column":2},"end":{"line":35,"column":3}},"line":22},"3":{"name":"get path","decl":{"start":{"line":37,"column":2},"end":{"line":39,"column":3}},"loc":{"start":{"line":37,"column":2},"end":{"line":39,"column":3}},"line":37},"4":{"name":"set path","decl":{"start":{"line":41,"column":2},"end":{"line":43,"column":3}},"loc":{"start":{"line":41,"column":2},"end":{"line":43,"column":3}},"line":41},"5":{"name":"getRelationBuilder","decl":{"start":{"line":45,"column":17},"end":{"line":56,"column":3}},"loc":{"start":{"line":45,"column":17},"end":{"line":56,"column":3}},"line":45},"6":{"name":"id","decl":{"start":{"line":58,"column":9},"end":{"line":60,"column":3}},"loc":{"start":{"line":58,"column":9},"end":{"line":60,"column":3}},"line":58},"7":{"name":"query","decl":{"start":{"line":62,"column":9},"end":{"line":64,"column":3}},"loc":{"start":{"line":62,"column":9},"end":{"line":64,"column":3}},"line":62},"8":{"name":"where","decl":{"start":{"line":66,"column":9},"end":{"line":68,"column":3}},"loc":{"start":{"line":66,"column":9},"end":{"line":68,"column":3}},"line":66},"9":{"name":"filter","decl":{"start":{"line":70,"column":9},"end":{"line":72,"column":3}},"loc":{"start":{"line":70,"column":9},"end":{"line":72,"column":3}},"line":70},"10":{"name":"include","decl":{"start":{"line":74,"column":9},"end":{"line":76,"column":3}},"loc":{"start":{"line":74,"column":9},"end":{"line":76,"column":3}},"line":74},"11":{"name":"all","decl":{"start":{"line":78,"column":2},"end":{"line":80,"column":3}},"loc":{"start":{"line":78,"column":2},"end":{"line":80,"column":3}},"line":78},"12":{"name":"find","decl":{"start":{"line":82,"column":2},"end":{"line":84,"column":3}},"loc":{"start":{"line":82,"column":2},"end":{"line":84,"column":3}},"line":82},"13":{"name":"create","decl":{"start":{"line":86,"column":2},"end":{"line":88,"column":3}},"loc":{"start":{"line":86,"column":2},"end":{"line":88,"column":3}},"line":86},"14":{"name":"update","decl":{"start":{"line":90,"column":2},"end":{"line":92,"column":3}},"loc":{"start":{"line":90,"column":2},"end":{"line":92,"column":3}},"line":90},"15":{"name":"delete","decl":{"start":{"line":94,"column":2},"end":{"line":96,"column":3}},"loc":{"start":{"line":94,"column":2},"end":{"line":96,"column":3}},"line":94},"16":{"name":"get","decl":{"start":{"line":98,"column":2},"end":{"line":108,"column":3}},"loc":{"start":{"line":98,"column":2},"end":{"line":108,"column":3}},"line":98},"17":{"name":"save","decl":{"start":{"line":110,"column":2},"end":{"line":124,"column":3}},"loc":{"start":{"line":110,"column":2},"end":{"line":124,"column":3}},"line":110},"18":{"name":"update","decl":{"start":{"line":126,"column":2},"end":{"line":137,"column":3}},"loc":{"start":{"line":126,"column":2},"end":{"line":137,"column":3}},"line":126},"19":{"name":"delete","decl":{"start":{"line":140,"column":2},"end":{"line":146,"column":3}},"loc":{"start":{"line":140,"column":2},"end":{"line":146,"column":3}},"line":140},"20":{"name":"toObject","decl":{"start":{"line":149,"column":2},"end":{"line":168,"column":3}},"loc":{"start":{"line":149,"column":2},"end":{"line":168,"column":3}},"line":149}},"f":{"0":323,"1":5,"2":323,"3":360,"4":314,"5":27,"6":14,"7":1,"8":2,"9":2,"10":1,"11":5,"12":9,"13":2,"14":3,"15":2,"16":4,"17":4,"18":9,"19":1,"20":4}}
,"/Users/cedricpierre/Code/FluORM/src/RelationBuilder.ts": {"path":"/Users/cedricpierre/Code/FluORM/src/RelationBuilder.ts","all":false,"statementMap":{"1":{"start":{"line":2,"column":0},"end":{"line":2,"column":41}},"2":{"start":{"line":3,"column":0},"end":{"line":3,"column":51}},"12":{"start":{"line":13,"column":0},"end":{"line":13,"column":52}},"15":{"start":{"line":16,"column":0},"end":{"line":16,"column":31}},"17":{"start":{"line":18,"column":0},"end":{"line":18,"column":16}},"18":{"start":{"line":19,"column":0},"end":{"line":19,"column":32}},"19":{"start":{"line":20,"column":0},"end":{"line":20,"column":42}},"20":{"start":{"line":21,"column":0},"end":{"line":21,"column":28}},"21":{"start":{"line":22,"column":0},"end":{"line":22,"column":7}},"22":{"start":{"line":23,"column":0},"end":{"line":23,"column":68}},"23":{"start":{"line":24,"column":0},"end":{"line":24,"column":40}},"24":{"start":{"line":25,"column":0},"end":{"line":25,"column":70}},"26":{"start":{"line":27,"column":0},"end":{"line":27,"column":42}},"28":{"start":{"line":29,"column":0},"end":{"line":29,"column":39}},"29":{"start":{"line":30,"column":0},"end":{"line":30,"column":81}},"30":{"start":{"line":31,"column":0},"end":{"line":31,"column":59}},"31":{"start":{"line":32,"column":0},"end":{"line":32,"column":78}},"32":{"start":{"line":33,"column":0},"end":{"line":33,"column":17}},"33":{"start":{"line":34,"column":0},"end":{"line":34,"column":14}},"34":{"start":{"line":35,"column":0},"end":{"line":35,"column":9}},"35":{"start":{"line":36,"column":0},"end":{"line":36,"column":5}},"40":{"start":{"line":41,"column":0},"end":{"line":41,"column":33}},"41":{"start":{"line":42,"column":0},"end":{"line":42,"column":60}},"42":{"start":{"line":43,"column":0},"end":{"line":43,"column":41}},"43":{"start":{"line":44,"column":0},"end":{"line":44,"column":20}},"44":{"start":{"line":45,"column":0},"end":{"line":45,"column":5}},"46":{"start":{"line":47,"column":0},"end":{"line":47,"column":49}},"47":{"start":{"line":48,"column":0},"end":{"line":48,"column":32}},"49":{"start":{"line":50,"column":0},"end":{"line":50,"column":63}},"50":{"start":{"line":51,"column":0},"end":{"line":51,"column":62}},"51":{"start":{"line":52,"column":0},"end":{"line":52,"column":41}},"53":{"start":{"line":54,"column":0},"end":{"line":54,"column":20}},"54":{"start":{"line":55,"column":0},"end":{"line":55,"column":5}},"56":{"start":{"line":57,"column":0},"end":{"line":57,"column":60}},"57":{"start":{"line":58,"column":0},"end":{"line":58,"column":38}},"58":{"start":{"line":59,"column":0},"end":{"line":59,"column":19}},"59":{"start":{"line":60,"column":0},"end":{"line":60,"column":5}},"61":{"start":{"line":62,"column":0},"end":{"line":62,"column":63}},"62":{"start":{"line":63,"column":0},"end":{"line":63,"column":41}},"63":{"start":{"line":64,"column":0},"end":{"line":64,"column":19}},"64":{"start":{"line":65,"column":0},"end":{"line":65,"column":5}},"66":{"start":{"line":67,"column":0},"end":{"line":67,"column":64}},"67":{"start":{"line":68,"column":0},"end":{"line":68,"column":44}},"68":{"start":{"line":69,"column":0},"end":{"line":69,"column":19}},"69":{"start":{"line":70,"column":0},"end":{"line":70,"column":5}},"71":{"start":{"line":72,"column":0},"end":{"line":72,"column":70}},"72":{"start":{"line":73,"column":0},"end":{"line":73,"column":45}},"73":{"start":{"line":74,"column":0},"end":{"line":74,"column":19}},"74":{"start":{"line":75,"column":0},"end":{"line":75,"column":5}},"76":{"start":{"line":77,"column":0},"end":{"line":77,"column":43}},"77":{"start":{"line":78,"column":0},"end":{"line":78,"column":34}},"78":{"start":{"line":79,"column":0},"end":{"line":79,"column":19}},"79":{"start":{"line":80,"column":0},"end":{"line":80,"column":5}},"81":{"start":{"line":82,"column":0},"end":{"line":82,"column":44}},"82":{"start":{"line":83,"column":0},"end":{"line":83,"column":35}},"83":{"start":{"line":84,"column":0},"end":{"line":84,"column":19}},"84":{"start":{"line":85,"column":0},"end":{"line":85,"column":5}},"86":{"start":{"line":87,"column":0},"end":{"line":87,"column":26}},"87":{"start":{"line":88,"column":0},"end":{"line":88,"column":61}},"88":{"start":{"line":89,"column":0},"end":{"line":89,"column":33}},"90":{"start":{"line":91,"column":0},"end":{"line":91,"column":43}},"91":{"start":{"line":92,"column":0},"end":{"line":92,"column":5}},"92":{"start":{"line":93,"column":0},"end":{"line":93,"column":1}}},"s":{"1":1,"2":1,"12":1,"15":1,"17":1,"18":37,"19":37,"20":37,"21":37,"22":37,"23":37,"24":37,"26":37,"28":37,"29":5,"30":5,"31":1,"32":1,"33":5,"34":5,"35":37,"40":1,"41":2,"42":2,"43":2,"44":2,"46":1,"47":10,"49":10,"50":10,"51":10,"53":10,"54":10,"56":1,"57":5,"58":5,"59":5,"61":1,"62":4,"63":4,"64":4,"66":1,"67":8,"68":8,"69":8,"71":1,"72":1,"73":1,"74":1,"76":1,"77":1,"78":1,"79":1,"81":1,"82":1,"83":1,"84":1,"86":1,"87":38,"88":38,"90":38,"91":38,"92":1},"branchMap":{"0":{"type":"branch","line":18,"loc":{"start":{"line":18,"column":4},"end":{"line":36,"column":5}},"locations":[{"start":{"line":18,"column":4},"end":{"line":36,"column":5}}]},"1":{"type":"branch","line":25,"loc":{"start":{"line":25,"column":20},"end":{"line":25,"column":70}},"locations":[{"start":{"line":25,"column":20},"end":{"line":25,"column":70}}]},"2":{"type":"branch","line":29,"loc":{"start":{"line":29,"column":38},"end":{"line":35,"column":9}},"locations":[{"start":{"line":29,"column":38},"end":{"line":35,"column":9}}]},"3":{"type":"branch","line":30,"loc":{"start":{"line":30,"column":61},"end":{"line":34,"column":13}},"locations":[{"start":{"line":30,"column":61},"end":{"line":34,"column":13}}]},"4":{"type":"branch","line":31,"loc":{"start":{"line":31,"column":38},"end":{"line":33,"column":17}},"locations":[{"start":{"line":31,"column":38},"end":{"line":33,"column":17}}]},"5":{"type":"branch","line":41,"loc":{"start":{"line":41,"column":4},"end":{"line":45,"column":5}},"locations":[{"start":{"line":41,"column":4},"end":{"line":45,"column":5}}]},"6":{"type":"branch","line":47,"loc":{"start":{"line":47,"column":4},"end":{"line":55,"column":5}},"locations":[{"start":{"line":47,"column":4},"end":{"line":55,"column":5}}]},"7":{"type":"branch","line":57,"loc":{"start":{"line":57,"column":4},"end":{"line":60,"column":5}},"locations":[{"start":{"line":57,"column":4},"end":{"line":60,"column":5}}]},"8":{"type":"branch","line":62,"loc":{"start":{"line":62,"column":4},"end":{"line":65,"column":5}},"locations":[{"start":{"line":62,"column":4},"end":{"line":65,"column":5}}]},"9":{"type":"branch","line":67,"loc":{"start":{"line":67,"column":4},"end":{"line":70,"column":5}},"locations":[{"start":{"line":67,"column":4},"end":{"line":70,"column":5}}]},"10":{"type":"branch","line":72,"loc":{"start":{"line":72,"column":4},"end":{"line":75,"column":5}},"locations":[{"start":{"line":72,"column":4},"end":{"line":75,"column":5}}]},"11":{"type":"branch","line":77,"loc":{"start":{"line":77,"column":4},"end":{"line":80,"column":5}},"locations":[{"start":{"line":77,"column":4},"end":{"line":80,"column":5}}]},"12":{"type":"branch","line":82,"loc":{"start":{"line":82,"column":4},"end":{"line":85,"column":5}},"locations":[{"start":{"line":82,"column":4},"end":{"line":85,"column":5}}]},"13":{"type":"branch","line":87,"loc":{"start":{"line":87,"column":14},"end":{"line":92,"column":5}},"locations":[{"start":{"line":87,"column":14},"end":{"line":92,"column":5}}]}},"b":{"0":[37],"1":[0],"2":[5],"3":[5],"4":[1],"5":[2],"6":[10],"7":[5],"8":[4],"9":[8],"10":[1],"11":[1],"12":[1],"13":[38]},"fnMap":{"0":{"name":"RelationBuilder","decl":{"start":{"line":18,"column":4},"end":{"line":36,"column":5}},"loc":{"start":{"line":18,"column":4},"end":{"line":36,"column":5}},"line":18},"1":{"name":"<computed>","decl":{"start":{"line":31,"column":38},"end":{"line":33,"column":17}},"loc":{"start":{"line":31,"column":38},"end":{"line":33,"column":17}},"line":31},"2":{"name":"id","decl":{"start":{"line":41,"column":4},"end":{"line":45,"column":5}},"loc":{"start":{"line":41,"column":4},"end":{"line":45,"column":5}},"line":41},"3":{"name":"find","decl":{"start":{"line":47,"column":4},"end":{"line":55,"column":5}},"loc":{"start":{"line":47,"column":4},"end":{"line":55,"column":5}},"line":47},"4":{"name":"where","decl":{"start":{"line":57,"column":4},"end":{"line":60,"column":5}},"loc":{"start":{"line":57,"column":4},"end":{"line":60,"column":5}},"line":57},"5":{"name":"filter","decl":{"start":{"line":62,"column":4},"end":{"line":65,"column":5}},"loc":{"start":{"line":62,"column":4},"end":{"line":65,"column":5}},"line":62},"6":{"name":"include","decl":{"start":{"line":67,"column":4},"end":{"line":70,"column":5}},"loc":{"start":{"line":67,"column":4},"end":{"line":70,"column":5}},"line":67},"7":{"name":"orderBy","decl":{"start":{"line":72,"column":4},"end":{"line":75,"column":5}},"loc":{"start":{"line":72,"column":4},"end":{"line":75,"column":5}},"line":72},"8":{"name":"limit","decl":{"start":{"line":77,"column":4},"end":{"line":80,"column":5}},"loc":{"start":{"line":77,"column":4},"end":{"line":80,"column":5}},"line":77},"9":{"name":"offset","decl":{"start":{"line":82,"column":4},"end":{"line":85,"column":5}},"loc":{"start":{"line":82,"column":4},"end":{"line":85,"column":5}},"line":82},"10":{"name":"buildUrl","decl":{"start":{"line":87,"column":14},"end":{"line":92,"column":5}},"loc":{"start":{"line":87,"column":14},"end":{"line":92,"column":5}},"line":87}},"f":{"0":37,"1":1,"2":2,"3":10,"4":5,"5":4,"6":8,"7":1,"8":1,"9":1,"10":38}}
,"/Users/cedricpierre/Code/FluORM/src/URLQueryBuilder.ts": {"path":"/Users/cedricpierre/Code/FluORM/src/URLQueryBuilder.ts","all":false,"statementMap":{"0":{"start":{"line":1,"column":0},"end":{"line":1,"column":30}},"1":{"start":{"line":2,"column":0},"end":{"line":2,"column":46}},"2":{"start":{"line":3,"column":0},"end":{"line":3,"column":36}},"3":{"start":{"line":4,"column":0},"end":{"line":4,"column":32}},"9":{"start":{"line":10,"column":0},"end":{"line":10,"column":30}},"11":{"start":{"line":12,"column":0},"end":{"line":12,"column":19}},"12":{"start":{"line":13,"column":0},"end":{"line":13,"column":26}},"13":{"start":{"line":14,"column":0},"end":{"line":14,"column":27}},"14":{"start":{"line":15,"column":0},"end":{"line":15,"column":23}},"15":{"start":{"line":16,"column":0},"end":{"line":16,"column":31}},"16":{"start":{"line":17,"column":0},"end":{"line":17,"column":32}},"17":{"start":{"line":18,"column":0},"end":{"line":18,"column":30}},"18":{"start":{"line":19,"column":0},"end":{"line":19,"column":33}},"19":{"start":{"line":20,"column":0},"end":{"line":20,"column":28}},"20":{"start":{"line":21,"column":0},"end":{"line":21,"column":23}},"21":{"start":{"line":22,"column":0},"end":{"line":22,"column":19}},"22":{"start":{"line":23,"column":0},"end":{"line":23,"column":5}},"24":{"start":{"line":25,"column":0},"end":{"line":25,"column":35}},"25":{"start":{"line":26,"column":0},"end":{"line":26,"column":21}},"26":{"start":{"line":27,"column":0},"end":{"line":27,"column":19}},"27":{"start":{"line":28,"column":0},"end":{"line":28,"column":5}},"29":{"start":{"line":30,"column":0},"end":{"line":30,"column":43}},"30":{"start":{"line":31,"column":0},"end":{"line":31,"column":31}},"31":{"start":{"line":32,"column":0},"end":{"line":32,"column":5}},"33":{"start":{"line":34,"column":0},"end":{"line":34,"column":44}},"34":{"start":{"line":35,"column":0},"end":{"line":35,"column":52}},"35":{"start":{"line":36,"column":0},"end":{"line":36,"column":19}},"36":{"start":{"line":37,"column":0},"end":{"line":37,"column":5}},"38":{"start":{"line":39,"column":0},"end":{"line":39,"column":43}},"39":{"start":{"line":40,"column":0},"end":{"line":40,"column":66}},"40":{"start":{"line":41,"column":0},"end":{"line":41,"column":19}},"41":{"start":{"line":42,"column":0},"end":{"line":42,"column":5}},"43":{"start":{"line":44,"column":0},"end":{"line":44,"column":61}},"44":{"start":{"line":45,"column":0},"end":{"line":45,"column":69}},"45":{"start":{"line":46,"column":0},"end":{"line":46,"column":19}},"46":{"start":{"line":47,"column":0},"end":{"line":47,"column":5}},"48":{"start":{"line":49,"column":0},"end":{"line":49,"column":28}},"49":{"start":{"line":50,"column":0},"end":{"line":50,"column":23}},"50":{"start":{"line":51,"column":0},"end":{"line":51,"column":19}},"51":{"start":{"line":52,"column":0},"end":{"line":52,"column":5}},"53":{"start":{"line":54,"column":0},"end":{"line":54,"column":29}},"54":{"start":{"line":55,"column":0},"end":{"line":55,"column":24}},"55":{"start":{"line":56,"column":0},"end":{"line":56,"column":19}},"56":{"start":{"line":57,"column":0},"end":{"line":57,"column":5}},"58":{"start":{"line":59,"column":0},"end":{"line":59,"column":30}},"59":{"start":{"line":60,"column":0},"end":{"line":60,"column":25}},"60":{"start":{"line":61,"column":0},"end":{"line":61,"column":19}},"61":{"start":{"line":62,"column":0},"end":{"line":62,"column":5}},"63":{"start":{"line":64,"column":0},"end":{"line":64,"column":27}},"64":{"start":{"line":65,"column":0},"end":{"line":65,"column":22}},"65":{"start":{"line":66,"column":0},"end":{"line":66,"column":19}},"66":{"start":{"line":67,"column":0},"end":{"line":67,"column":5}},"68":{"start":{"line":69,"column":0},"end":{"line":69,"column":30}},"69":{"start":{"line":70,"column":0},"end":{"line":70,"column":25}},"70":{"start":{"line":71,"column":0},"end":{"line":71,"column":19}},"71":{"start":{"line":72,"column":0},"end":{"line":72,"column":5}},"73":{"start":{"line":74,"column":0},"end":{"line":74,"column":37}},"74":{"start":{"line":75,"column":0},"end":{"line":75,"column":61}},"75":{"start":{"line":76,"column":0},"end":{"line":76,"column":73}},"76":{"start":{"line":77,"column":0},"end":{"line":77,"column":62}},"77":{"start":{"line":78,"column":0},"end":{"line":78,"column":62}},"78":{"start":{"line":79,"column":0},"end":{"line":79,"column":65}},"79":{"start":{"line":80,"column":0},"end":{"line":80,"column":59}},"80":{"start":{"line":81,"column":0},"end":{"line":81,"column":69}},"82":{"start":{"line":83,"column":0},"end":{"line":83,"column":18}},"83":{"start":{"line":84,"column":0},"end":{"line":84,"column":5}},"85":{"start":{"line":86,"column":0},"end":{"line":86,"column":29}},"86":{"start":{"line":87,"column":0},"end":{"line":87,"column":46}},"87":{"start":{"line":88,"column":0},"end":{"line":88,"column":53}},"88":{"start":{"line":89,"column":0},"end":{"line":89,"column":22}},"89":{"start":{"line":90,"column":0},"end":{"line":90,"column":5}},"91":{"start":{"line":92,"column":0},"end":{"line":92,"column":21}},"93":{"start":{"line":94,"column":0},"end":{"line":94,"column":28}},"95":{"start":{"line":96,"column":0},"end":{"line":96,"column":23}},"96":{"start":{"line":97,"column":0},"end":{"line":97,"column":41}},"97":{"start":{"line":98,"column":0},"end":{"line":98,"column":9}},"99":{"start":{"line":100,"column":0},"end":{"line":100,"column":35}},"100":{"start":{"line":101,"column":0},"end":{"line":101,"column":45}},"101":{"start":{"line":102,"column":0},"end":{"line":102,"column":9}},"103":{"start":{"line":104,"column":0},"end":{"line":104,"column":18}},"104":{"start":{"line":105,"column":0},"end":{"line":105,"column":5}},"105":{"start":{"line":106,"column":0},"end":{"line":106,"column":1}}},"s":{"0":1,"1":44,"2":44,"3":44,"9":44,"11":1,"12":38,"13":38,"14":38,"15":38,"16":38,"17":38,"18":38,"19":38,"20":38,"21":38,"22":38,"24":1,"25":10,"26":10,"27":10,"29":1,"30":6,"31":6,"33":1,"34":11,"35":11,"36":11,"38":1,"39":9,"40":9,"41":9,"43":1,"44":4,"45":4,"46":4,"48":1,"49":4,"50":4,"51":4,"53":1,"54":4,"55":4,"56":4,"58":1,"59":38,"60":38,"61":38,"63":1,"64":3,"65":3,"66":3,"68":1,"69":3,"70":3,"71":3,"73":1,"74":56,"75":56,"76":56,"77":56,"78":56,"79":56,"80":56,"82":56,"83":56,"85":1,"86":56,"87":56,"88":56,"89":56,"91":1,"93":38,"95":38,"96":10,"97":10,"99":38,"100":11,"101":11,"103":38,"104":38,"105":1},"branchMap":{"0":{"type":"branch","line":1,"loc":{"start":{"line":1,"column":7},"end":{"line":10,"column":30}},"locations":[{"start":{"line":1,"column":7},"end":{"line":10,"column":30}}]},"1":{"type":"branch","line":12,"loc":{"start":{"line":12,"column":4},"end":{"line":23,"column":5}},"locations":[{"start":{"line":12,"column":4},"end":{"line":23,"column":5}}]},"2":{"type":"branch","line":25,"loc":{"start":{"line":25,"column":4},"end":{"line":28,"column":5}},"locations":[{"start":{"line":25,"column":4},"end":{"line":28,"column":5}}]},"3":{"type":"branch","line":30,"loc":{"start":{"line":30,"column":4},"end":{"line":32,"column":5}},"locations":[{"start":{"line":30,"column":4},"end":{"line":32,"column":5}}]},"4":{"type":"branch","line":34,"loc":{"start":{"line":34,"column":4},"end":{"line":37,"column":5}},"locations":[{"start":{"line":34,"column":4},"end":{"line":37,"column":5}}]},"5":{"type":"branch","line":39,"loc":{"start":{"line":39,"column":4},"end":{"line":42,"column":5}},"locations":[{"start":{"line":39,"column":4},"end":{"line":42,"column":5}}]},"6":{"type":"branch","line":40,"loc":{"start":{"line":40,"column":49},"end":{"line":40,"column":59}},"locations":[{"start":{"line":40,"column":49},"end":{"line":40,"column":59}}]},"7":{"type":"branch","line":40,"loc":{"start":{"line":40,"column":53},"end":{"line":40,"column":65}},"locations":[{"start":{"line":40,"column":53},"end":{"line":40,"column":65}}]},"8":{"type":"branch","line":44,"loc":{"start":{"line":44,"column":4},"end":{"line":47,"column":5}},"locations":[{"start":{"line":44,"column":4},"end":{"line":47,"column":5}}]},"9":{"type":"branch","line":45,"loc":{"start":{"line":45,"column":41},"end":{"line":45,"column":56}},"locations":[{"start":{"line":45,"column":41},"end":{"line":45,"column":56}}]},"10":{"type":"branch","line":45,"loc":{"start":{"line":45,"column":50},"end":{"line":45,"column":58}},"locations":[{"start":{"line":45,"column":50},"end":{"line":45,"column":58}}]},"11":{"type":"branch","line":49,"loc":{"start":{"line":49,"column":4},"end":{"line":52,"column":5}},"locations":[{"start":{"line":49,"column":4},"end":{"line":52,"column":5}}]},"12":{"type":"branch","line":54,"loc":{"start":{"line":54,"column":4},"end":{"line":57,"column":5}},"locations":[{"start":{"line":54,"column":4},"end":{"line":57,"column":5}}]},"13":{"type":"branch","line":59,"loc":{"start":{"line":59,"column":4},"end":{"line":62,"column":5}},"locations":[{"start":{"line":59,"column":4},"end":{"line":62,"column":5}}]},"14":{"type":"branch","line":64,"loc":{"start":{"line":64,"column":4},"end":{"line":67,"column":5}},"locations":[{"start":{"line":64,"column":4},"end":{"line":67,"column":5}}]},"15":{"type":"branch","line":69,"loc":{"start":{"line":69,"column":4},"end":{"line":72,"column":5}},"locations":[{"start":{"line":69,"column":4},"end":{"line":72,"column":5}}]},"16":{"type":"branch","line":74,"loc":{"start":{"line":74,"column":4},"end":{"line":84,"column":5}},"locations":[{"start":{"line":74,"column":4},"end":{"line":84,"column":5}}]},"17":{"type":"branch","line":76,"loc":{"start":{"line":76,"column":35},"end":{"line":76,"column":73}},"locations":[{"start":{"line":76,"column":35},"end":{"line":76,"column":73}}]},"18":{"type":"branch","line":77,"loc":{"start":{"line":77,"column":31},"end":{"line":77,"column":62}},"locations":[{"start":{"line":77,"column":31},"end":{"line":77,"column":62}}]},"19":{"type":"branch","line":78,"loc":{"start":{"line":78,"column":39},"end":{"line":78,"column":62}},"locations":[{"start":{"line":78,"column":39},"end":{"line":78,"column":62}}]},"20":{"type":"branch","line":79,"loc":{"start":{"line":79,"column":40},"end":{"line":79,"column":65}},"locations":[{"start":{"line":79,"column":40},"end":{"line":79,"column":65}}]},"21":{"type":"branch","line":80,"loc":{"start":{"line":80,"column":38},"end":{"line":80,"column":59}},"locations":[{"start":{"line":80,"column":38},"end":{"line":80,"column":59}}]},"22":{"type":"branch","line":81,"loc":{"start":{"line":81,"column":41},"end":{"line":81,"column":69}},"locations":[{"start":{"line":81,"column":41},"end":{"line":81,"column":69}}]},"23":{"type":"branch","line":86,"loc":{"start":{"line":86,"column":4},"end":{"line":90,"column":5}},"locations":[{"start":{"line":86,"column":4},"end":{"line":90,"column":5}}]},"24":{"type":"branch","line":88,"loc":{"start":{"line":88,"column":17},"end":{"line":88,"column":52}},"locations":[{"start":{"line":88,"column":17},"end":{"line":88,"column":52}}]},"25":{"type":"branch","line":92,"loc":{"start":{"line":92,"column":4},"end":{"line":105,"column":5}},"locations":[{"start":{"line":92,"column":4},"end":{"line":105,"column":5}}]},"26":{"type":"branch","line":96,"loc":{"start":{"line":96,"column":22},"end":{"line":98,"column":9}},"locations":[{"start":{"line":96,"column":22},"end":{"line":98,"column":9}}]},"27":{"type":"branch","line":100,"loc":{"start":{"line":100,"column":34},"end":{"line":102,"column":9}},"locations":[{"start":{"line":100,"column":34},"end":{"line":102,"column":9}}]}},"b":{"0":[44],"1":[38],"2":[10],"3":[6],"4":[11],"5":[9],"6":[1],"7":[8],"8":[4],"9":[2],"10":[2],"11":[4],"12":[4],"13":[38],"14":[3],"15":[3],"16":[56],"17":[17],"18":[4],"19":[7],"20":[7],"21":[5],"22":[5],"23":[56],"24":[65],"25":[38],"26":[10],"27":[11]},"fnMap":{"0":{"name":"URLQueryBuilder","decl":{"start":{"line":1,"column":7},"end":{"line":10,"column":30}},"loc":{"start":{"line":1,"column":7},"end":{"line":10,"column":30}},"line":1},"1":{"name":"reset","decl":{"start":{"line":12,"column":4},"end":{"line":23,"column":5}},"loc":{"start":{"line":12,"column":4},"end":{"line":23,"column":5}},"line":12},"2":{"name":"id","decl":{"start":{"line":25,"column":4},"end":{"line":28,"column":5}},"loc":{"start":{"line":25,"column":4},"end":{"line":28,"column":5}},"line":25},"3":{"name":"where","decl":{"start":{"line":30,"column":4},"end":{"line":32,"column":5}},"loc":{"start":{"line":30,"column":4},"end":{"line":32,"column":5}},"line":30},"4":{"name":"filter","decl":{"start":{"line":34,"column":4},"end":{"line":37,"column":5}},"loc":{"start":{"line":34,"column":4},"end":{"line":37,"column":5}},"line":34},"5":{"name":"include","decl":{"start":{"line":39,"column":4},"end":{"line":42,"column":5}},"loc":{"start":{"line":39,"column":4},"end":{"line":42,"column":5}},"line":39},"6":{"name":"orderBy","decl":{"start":{"line":44,"column":4},"end":{"line":47,"column":5}},"loc":{"start":{"line":44,"column":4},"end":{"line":47,"column":5}},"line":44},"7":{"name":"limit","decl":{"start":{"line":49,"column":4},"end":{"line":52,"column":5}},"loc":{"start":{"line":49,"column":4},"end":{"line":52,"column":5}},"line":49},"8":{"name":"offset","decl":{"start":{"line":54,"column":4},"end":{"line":57,"column":5}},"loc":{"start":{"line":54,"column":4},"end":{"line":57,"column":5}},"line":54},"9":{"name":"path","decl":{"start":{"line":59,"column":4},"end":{"line":62,"column":5}},"loc":{"start":{"line":59,"column":4},"end":{"line":62,"column":5}},"line":59},"10":{"name":"page","decl":{"start":{"line":64,"column":4},"end":{"line":67,"column":5}},"loc":{"start":{"line":64,"column":4},"end":{"line":67,"column":5}},"line":64},"11":{"name":"perPage","decl":{"start":{"line":69,"column":4},"end":{"line":72,"column":5}},"loc":{"start":{"line":69,"column":4},"end":{"line":72,"column":5}},"line":69},"12":{"name":"toObject","decl":{"start":{"line":74,"column":4},"end":{"line":84,"column":5}},"loc":{"start":{"line":74,"column":4},"end":{"line":84,"column":5}},"line":74},"13":{"name":"toQueryString","decl":{"start":{"line":86,"column":4},"end":{"line":90,"column":5}},"loc":{"start":{"line":86,"column":4},"end":{"line":90,"column":5}},"line":86},"14":{"name":"toUrl","decl":{"start":{"line":92,"column":4},"end":{"line":105,"column":5}},"loc":{"start":{"line":92,"column":4},"end":{"line":105,"column":5}},"line":92}},"f":{"0":44,"1":38,"2":10,"3":6,"4":11,"5":9,"6":4,"7":4,"8":4,"9":38,"10":3,"11":3,"12":56,"13":56,"14":38}}
,"/Users/cedricpierre/Code/FluORM/src/decorators.ts": {"path":"/Users/cedricpierre/Code/FluORM/src/decorators.ts","all":false,"statementMap":{"2":{"start":{"line":3,"column":0},"end":{"line":3,"column":66}},"3":{"start":{"line":4,"column":0},"end":{"line":4,"column":64}},"10":{"start":{"line":11,"column":0},"end":{"line":11,"column":22}},"11":{"start":{"line":12,"column":0},"end":{"line":12,"column":48}},"12":{"start":{"line":13,"column":0},"end":{"line":13,"column":62}},"13":{"start":{"line":14,"column":0},"end":{"line":14,"column":21}},"14":{"start":{"line":15,"column":0},"end":{"line":15,"column":25}},"15":{"start":{"line":16,"column":0},"end":{"line":16,"column":66}},"17":{"start":{"line":18,"column":0},"end":{"line":18,"column":44}},"18":{"start":{"line":19,"column":0},"end":{"line":19,"column":35}},"19":{"start":{"line":20,"column":0},"end":{"line":20,"column":91}},"21":{"start":{"line":22,"column":0},"end":{"line":22,"column":50}},"22":{"start":{"line":23,"column":0},"end":{"line":23,"column":33}},"23":{"start":{"line":24,"column":0},"end":{"line":24,"column":30}},"24":{"start":{"line":25,"column":0},"end":{"line":25,"column":24}},"25":{"start":{"line":26,"column":0},"end":{"line":26,"column":18}},"26":{"start":{"line":27,"column":0},"end":{"line":27,"column":14}},"27":{"start":{"line":28,"column":0},"end":{"line":28,"column":29}},"28":{"start":{"line":29,"column":0},"end":{"line":29,"column":31}},"29":{"start":{"line":30,"column":0},"end":{"line":30,"column":11}},"30":{"start":{"line":31,"column":0},"end":{"line":31,"column":5}},"31":{"start":{"line":32,"column":0},"end":{"line":32,"column":1}},"33":{"start":{"line":34,"column":0},"end":{"line":34,"column":76}},"34":{"start":{"line":35,"column":0},"end":{"line":35,"column":66}},"36":{"start":{"line":37,"column":0},"end":{"line":37,"column":47}},"39":{"start":{"line":40,"column":0},"end":{"line":40,"column":44}},"40":{"start":{"line":41,"column":0},"end":{"line":41,"column":28}},"41":{"start":{"line":42,"column":0},"end":{"line":42,"column":40}},"42":{"start":{"line":43,"column":0},"end":{"line":43,"column":49}},"43":{"start":{"line":44,"column":0},"end":{"line":44,"column":17}},"44":{"start":{"line":45,"column":0},"end":{"line":45,"column":47}},"45":{"start":{"line":46,"column":0},"end":{"line":46,"column":41}},"47":{"start":{"line":48,"column":0},"end":{"line":48,"column":44}},"48":{"start":{"line":49,"column":0},"end":{"line":49,"column":46}},"50":{"start":{"line":51,"column":0},"end":{"line":51,"column":43}},"51":{"start":{"line":52,"column":0},"end":{"line":52,"column":103}},"52":{"start":{"line":53,"column":0},"end":{"line":53,"column":57}},"53":{"start":{"line":54,"column":0},"end":{"line":54,"column":33}},"54":{"start":{"line":55,"column":0},"end":{"line":55,"column":24}},"55":{"start":{"line":56,"column":0},"end":{"line":56,"column":49}},"56":{"start":{"line":57,"column":0},"end":{"line":57,"column":17}},"57":{"start":{"line":58,"column":0},"end":{"line":58,"column":14}},"58":{"start":{"line":59,"column":0},"end":{"line":59,"column":40}},"59":{"start":{"line":60,"column":0},"end":{"line":60,"column":44}},"60":{"start":{"line":61,"column":0},"end":{"line":61,"column":34}},"61":{"start":{"line":62,"column":0},"end":{"line":62,"column":45}},"62":{"start":{"line":63,"column":0},"end":{"line":63,"column":27}},"63":{"start":{"line":64,"column":0},"end":{"line":64,"column":17}},"65":{"start":{"line":66,"column":0},"end":{"line":66,"column":43}},"66":{"start":{"line":67,"column":0},"end":{"line":67,"column":115}},"67":{"start":{"line":68,"column":0},"end":{"line":68,"column":57}},"68":{"start":{"line":69,"column":0},"end":{"line":69,"column":45}},"69":{"start":{"line":70,"column":0},"end":{"line":70,"column":24}},"70":{"start":{"line":71,"column":0},"end":{"line":71,"column":61}},"71":{"start":{"line":72,"column":0},"end":{"line":72,"column":17}},"72":{"start":{"line":73,"column":0},"end":{"line":73,"column":14}},"73":{"start":{"line":74,"column":0},"end":{"line":74,"column":29}},"74":{"start":{"line":75,"column":0},"end":{"line":75,"column":31}},"75":{"start":{"line":76,"column":0},"end":{"line":76,"column":11}},"76":{"start":{"line":77,"column":0},"end":{"line":77,"column":6}},"77":{"start":{"line":78,"column":0},"end":{"line":78,"column":2}},"80":{"start":{"line":81,"column":0},"end":{"line":81,"column":103}},"81":{"start":{"line":82,"column":0},"end":{"line":82,"column":101}},"82":{"start":{"line":83,"column":0},"end":{"line":83,"column":1}},"84":{"start":{"line":85,"column":0},"end":{"line":85,"column":104}},"85":{"start":{"line":86,"column":0},"end":{"line":86,"column":102}},"86":{"start":{"line":87,"column":0},"end":{"line":87,"column":1}},"88":{"start":{"line":89,"column":0},"end":{"line":89,"column":32}},"89":{"start":{"line":90,"column":0},"end":{"line":90,"column":37}}},"s":{"2":1,"3":1,"10":1,"11":25,"12":25,"13":25,"14":25,"15":25,"17":25,"18":25,"19":29,"21":29,"22":29,"23":29,"24":29,"25":29,"26":29,"27":25,"28":25,"29":25,"30":25,"31":25,"33":1,"34":12,"36":12,"39":12,"40":12,"41":15,"42":1,"43":1,"44":15,"45":15,"47":14,"48":15,"50":15,"51":5,"52":9,"53":9,"54":9,"55":0,"56":0,"57":15,"58":12,"59":23,"60":23,"61":0,"62":0,"63":0,"65":23,"66":2,"67":21,"68":2,"69":19,"70":19,"71":19,"72":23,"73":12,"74":12,"75":12,"76":12,"77":12,"80":1,"81":8,"82":8,"84":1,"85":17,"86":17,"88":1,"89":1},"branchMap":{"0":{"type":"branch","line":11,"loc":{"start":{"line":11,"column":21},"end":{"line":32,"column":1}},"locations":[{"start":{"line":11,"column":21},"end":{"line":32,"column":1}}]},"1":{"type":"branch","line":16,"loc":{"start":{"line":16,"column":11},"end":{"line":31,"column":5}},"locations":[{"start":{"line":16,"column":11},"end":{"line":31,"column":5}}]},"2":{"type":"branch","line":19,"loc":{"start":{"line":19,"column":12},"end":{"line":27,"column":14}},"locations":[{"start":{"line":19,"column":12},"end":{"line":27,"column":14}}]},"3":{"type":"branch","line":20,"loc":{"start":{"line":20,"column":54},"end":{"line":20,"column":67}},"locations":[{"start":{"line":20,"column":54},"end":{"line":20,"column":67}}]},"4":{"type":"branch","line":20,"loc":{"start":{"line":20,"column":67},"end":{"line":20,"column":91}},"locations":[{"start":{"line":20,"column":67},"end":{"line":20,"column":91}}]},"5":{"type":"branch","line":34,"loc":{"start":{"line":34,"column":20},"end":{"line":78,"column":2}},"locations":[{"start":{"line":34,"column":20},"end":{"line":78,"column":2}}]},"6":{"type":"branch","line":35,"loc":{"start":{"line":35,"column":11},"end":{"line":77,"column":6}},"locations":[{"start":{"line":35,"column":11},"end":{"line":77,"column":6}}]},"7":{"type":"branch","line":41,"loc":{"start":{"line":41,"column":12},"end":{"line":58,"column":14}},"locations":[{"start":{"line":41,"column":12},"end":{"line":58,"column":14}}]},"8":{"type":"branch","line":42,"loc":{"start":{"line":42,"column":39},"end":{"line":44,"column":17}},"locations":[{"start":{"line":42,"column":39},"end":{"line":44,"column":17}}]},"9":{"type":"branch","line":46,"loc":{"start":{"line":46,"column":28},"end":{"line":46,"column":41}},"locations":[{"start":{"line":46,"column":28},"end":{"line":46,"column":41}}]},"10":{"type":"branch","line":46,"loc":{"start":{"line":46,"column":35},"end":{"line":49,"column":40}},"locations":[{"start":{"line":46,"column":35},"end":{"line":49,"column":40}}]},"11":{"type":"branch","line":49,"loc":{"start":{"line":49,"column":33},"end":{"line":49,"column":46}},"locations":[{"start":{"line":49,"column":33},"end":{"line":49,"column":46}}]},"12":{"type":"branch","line":49,"loc":{"start":{"line":49,"column":40},"end":{"line":51,"column":42}},"locations":[{"start":{"line":49,"column":40},"end":{"line":51,"column":42}}]},"13":{"type":"branch","line":51,"loc":{"start":{"line":51,"column":42},"end":{"line":57,"column":17}},"locations":[{"start":{"line":51,"column":42},"end":{"line":57,"column":17}}]},"14":{"type":"branch","line":51,"loc":{"start":{"line":51,"column":42},"end":{"line":53,"column":27}},"locations":[{"start":{"line":51,"column":42},"end":{"line":53,"column":27}}]},"15":{"type":"branch","line":55,"loc":{"start":{"line":55,"column":16},"end":{"line":57,"column":17}},"locations":[{"start":{"line":55,"column":16},"end":{"line":57,"column":17}}]},"16":{"type":"branch","line":52,"loc":{"start":{"line":52,"column":37},"end":{"line":52,"column":101}},"locations":[{"start":{"line":52,"column":37},"end":{"line":52,"column":101}}]},"17":{"type":"branch","line":52,"loc":{"start":{"line":52,"column":74},"end":{"line":52,"column":101}},"locations":[{"start":{"line":52,"column":74},"end":{"line":52,"column":101}}]},"18":{"type":"branch","line":59,"loc":{"start":{"line":59,"column":12},"end":{"line":73,"column":14}},"locations":[{"start":{"line":59,"column":12},"end":{"line":73,"column":14}}]},"19":{"type":"branch","line":61,"loc":{"start":{"line":61,"column":33},"end":{"line":64,"column":17}},"locations":[{"start":{"line":61,"column":33},"end":{"line":64,"column":17}}]},"20":{"type":"branch","line":66,"loc":{"start":{"line":66,"column":42},"end":{"line":72,"column":17}},"locations":[{"start":{"line":66,"column":42},"end":{"line":72,"column":17}}]},"21":{"type":"branch","line":66,"loc":{"start":{"line":66,"column":42},"end":{"line":68,"column":27}},"locations":[{"start":{"line":66,"column":42},"end":{"line":68,"column":27}}]},"22":{"type":"branch","line":68,"loc":{"start":{"line":68,"column":56},"end":{"line":72,"column":17}},"locations":[{"start":{"line":68,"column":56},"end":{"line":72,"column":17}}]},"23":{"type":"branch","line":68,"loc":{"start":{"line":68,"column":56},"end":{"line":70,"column":23}},"locations":[{"start":{"line":68,"column":56},"end":{"line":70,"column":23}}]},"24":{"type":"branch","line":67,"loc":{"start":{"line":67,"column":49},"end":{"line":67,"column":113}},"locations":[{"start":{"line":67,"column":49},"end":{"line":67,"column":113}}]},"25":{"type":"branch","line":67,"loc":{"start":{"line":67,"column":73},"end":{"line":67,"column":93}},"locations":[{"start":{"line":67,"column":73},"end":{"line":67,"column":93}}]},"26":{"type":"branch","line":67,"loc":{"start":{"line":67,"column":86},"end":{"line":67,"column":113}},"locations":[{"start":{"line":67,"column":86},"end":{"line":67,"column":113}}]},"27":{"type":"branch","line":81,"loc":{"start":{"line":81,"column":22},"end":{"line":83,"column":1}},"locations":[{"start":{"line":81,"column":22},"end":{"line":83,"column":1}}]},"28":{"type":"branch","line":85,"loc":{"start":{"line":85,"column":23},"end":{"line":87,"column":1}},"locations":[{"start":{"line":85,"column":23},"end":{"line":87,"column":1}}]}},"b":{"0":[25],"1":[25],"2":[29],"3":[0],"4":[25],"5":[12],"6":[12],"7":[15],"8":[1],"9":[1],"10":[14],"11":[0],"12":[14],"13":[9],"14":[5],"15":[0],"16":[10],"17":[0],"18":[23],"19":[0],"20":[21],"21":[2],"22":[19],"23":[2],"24":[4],"25":[2],"26":[2],"27":[8],"28":[17]},"fnMap":{"0":{"name":"makeRelation","decl":{"start":{"line":11,"column":21},"end":{"line":32,"column":1}},"loc":{"start":{"line":11,"column":21},"end":{"line":32,"column":1}},"line":11},"1":{"name":"get","decl":{"start":{"line":19,"column":12},"end":{"line":27,"column":14}},"loc":{"start":{"line":19,"column":12},"end":{"line":27,"column":14}},"line":19},"2":{"name":"Cast","decl":{"start":{"line":34,"column":20},"end":{"line":78,"column":2}},"loc":{"start":{"line":34,"column":20},"end":{"line":78,"column":2}},"line":34},"3":{"name":"get","decl":{"start":{"line":41,"column":12},"end":{"line":58,"column":14}},"loc":{"start":{"line":41,"column":12},"end":{"line":58,"column":14}},"line":41},"4":{"name":"set","decl":{"start":{"line":59,"column":12},"end":{"line":73,"column":14}},"loc":{"start":{"line":59,"column":12},"end":{"line":73,"column":14}},"line":59},"5":{"name":"HasOne","decl":{"start":{"line":81,"column":22},"end":{"line":83,"column":1}},"loc":{"start":{"line":81,"column":22},"end":{"line":83,"column":1}},"line":81},"6":{"name":"HasMany","decl":{"start":{"line":85,"column":23},"end":{"line":87,"column":1}},"loc":{"start":{"line":85,"column":23},"end":{"line":87,"column":1}},"line":85}},"f":{"0":25,"1":29,"2":12,"3":15,"4":23,"5":8,"6":17}}
,"/Users/cedricpierre/Code/FluORM/src/index.ts": {"path":"/Users/cedricpierre/Code/FluORM/src/index.ts","all":false,"statementMap":{"0":{"start":{"line":1,"column":0},"end":{"line":1,"column":23}},"1":{"start":{"line":2,"column":0},"end":{"line":2,"column":28}},"2":{"start":{"line":3,"column":0},"end":{"line":3,"column":28}},"3":{"start":{"line":4,"column":0},"end":{"line":4,"column":33}},"4":{"start":{"line":5,"column":0},"end":{"line":5,"column":51}}},"s":{"0":1,"1":1,"2":1,"3":1,"4":1},"branchMap":{},"b":{},"fnMap":{},"f":{}}
}
